[{'Latitude': '-1,-1',
 'area': u' 58.5\u5e73\u7c73 ',
 'average_price': u'\u5355\u4ef7107693\u5143/\u5e73\u7c73',
 'community': u'\u56fd\u745e\u57ce\u4e1c\u533a ',
 'focus_num': u'1\u4eba\u5173\u6ce8 ',
 'house_id': '101101167440',
 'link': 'http://bj.lianjia.com/ershoufang/101101167440.html',
 'model': u' 1\u5ba41\u5385 ',
 'price': '630',
 'time': u' \u521a\u521a\u53d1\u5e03',
 'title': u'\u56fd\u745e\u57ce\u4e1c\u533a 1\u5ba41\u5385 630\u4e07',
 'watch_num': u' \u51710\u6b21\u5e26\u770b '}, {'Latitude': '-1,-1',
 'area': u' 68.5\u5e73\u7c73 ',
 'average_price': u'\u5355\u4ef794891\u5143/\u5e73\u7c73',
 'community': u'\u5357\u6c34\u5173 ',
 'focus_num': u'0\u4eba\u5173\u6ce8 ',
 'house_id': '101101165562',
 'link': 'http://bj.lianjia.com/ershoufang/101101165562.html',
 'model': u' 2\u5ba41\u5385 ',
 'price': '650',
 'time': u' \u521a\u521a\u53d1\u5e03',
 'title': u'\u5357\u6c34\u5173 2\u5ba41\u5385 650\u4e07',
 'watch_num': u' \u51711\u6b21\u5e26\u770b '}, {'Latitude': '-1,-1',
 'area': u' 33.62\u5e73\u7c73 ',
 'average_price': u'\u5355\u4ef7121952\u5143/\u5e73\u7c73',
 'community': u'\u5de5\u4f53\u5317\u91cc ',
 'focus_num': u'2\u4eba\u5173\u6ce8 ',
 'house_id': '101101165085',
 'link': 'http://bj.lianjia.com/ershoufang/101101165085.html',
 'model': u' 1\u5ba41\u5385 ',
 'price': '410',
 'time': u' \u521a\u521a\u53d1\u5e03',
 'title': u'\u5de5\u4f53\u5317\u91cc 1\u5ba41\u5385 410\u4e07',
 'watch_num': u' \u51710\u6b21\u5e26\u770b '}, {'Latitude': '-1,-1',
 'area': u' 71.72\u5e73\u7c73 ',
 'average_price': u'\u5355\u4ef7104574\u5143/\u5e73\u7c73',
 'community': u'\u7af9\u6746\u80e1\u540c ',
 'focus_num': u'3\u4eba\u5173\u6ce8 ',
 'house_id': '101101164822',
 'link': 'http://bj.lianjia.com/ershoufang/101101164822.html',
 'model': u' 2\u5ba41\u5385 ',
 'price': '750',
 'time': u' \u521a\u521a\u53d1\u5e03',
 'title': u'\u7af9\u6746\u80e1\u540c 2\u5ba41\u5385 750\u4e07',
 'watch_num': u' \u51718\u6b21\u5e26\u770b '}, {'Latitude': '-1,-1',
 'area': u' 61.96\u5e73\u7c73 ',
 'average_price': u'\u5355\u4ef794416\u5143/\u5e73\u7c73',
 'community': u'\u9ec4\u5bfa\u5927\u885728\u53f7\u9662 ',
 'focus_num': u'2\u4eba\u5173\u6ce8 ',
 'house_id': '101101164542',
 'link': 'http://bj.lianjia.com/ershoufang/101101164542.html',
 'model': u' 2\u5ba41\u5385 ',
 'price': '585',
 'time': u' \u521a\u521a\u53d1\u5e03',
 'title': u'\u9ec4\u5bfa\u5927\u885728\u53f7\u9662 2\u5ba41\u5385 585\u4e07',
 'watch_num': u' \u51710\u6b21\u5e26\u770b '}, {'Latitude': '-1,-1',
 'area': u' 88.68\u5e73\u7c73 ',
 'average_price': u'\u5355\u4ef7109383\u5143/\u5e73\u7c73',
 'community': u'\u897f\u5802\u5b50\u80e1\u540c ',
 'focus_num': u'4\u4eba\u5173\u6ce8 ',
 'house_id': '101101164423',
 'link': 'http://bj.lianjia.com/ershoufang/101101164423.html',
 'model': u' 3\u5ba41\u5385 ',
 'price': '970',
 'time': u' \u521a\u521a\u53d1\u5e03',
 'title': u'\u897f\u5802\u5b50\u80e1\u540c 3\u5ba41\u5385 970\u4e07',
 'watch_num': u' \u517110\u6b21\u5e26\u770b '}, {'Latitude': '-1,-1',
 'area': u' 40.4\u5e73\u7c73 ',
 'average_price': u'\u5355\u4ef7122525\u5143/\u5e73\u7c73',
 'community': u'\u4e1c\u5382\u80e1\u540c ',
 'focus_num': u'4\u4eba\u5173\u6ce8 ',
 'house_id': '101101164306',
 'link': 'http://bj.lianjia.com/ershoufang/101101164306.html',
 'model': u' 1\u5ba40\u5385 ',
 'price': '495',
 'time': u' \u521a\u521a\u53d1\u5e03',
 'title': u'\u4e1c\u5382\u80e1\u540c 1\u5ba40\u5385 495\u4e07',
 'watch_num': u' \u51711\u6b21\u5e26\u770b '}, {'Latitude': '-1,-1',
 'area': u' 47.86\u5e73\u7c73 ',
 'average_price': u'\u5355\u4ef7136858\u5143/\u5e73\u7c73',
 'community': u'\u5e3d\u513f\u80e1\u540c45\u53f7\u9662 ',
 'focus_num': u'3\u4eba\u5173\u6ce8 ',
 'house_id': '101101163823',
 'link': 'http://bj.lianjia.com/ershoufang/101101163823.html',
 'model': u' 2\u5ba41\u5385 ',
 'price': '655',
 'time': u' \u521a\u521a\u53d1\u5e03',
 'title': u'\u5e3d\u513f\u80e1\u540c45\u53f7\u9662 2\u5ba41\u5385 655\u4e07',
 'watch_num': u' \u51710\u6b21\u5e26\u770b '}, {'Latitude': '-1,-1',
 'area': u' 79.74\u5e73\u7c73 ',
 'average_price': u'\u5355\u4ef7105343\u5143/\u5e73\u7c73',
 'community': u'\u65b0\u666f\u5bb6\u56ed\u897f\u533a ',
 'focus_num': u'6\u4eba\u5173\u6ce8 ',
 'house_id': '101101163644',
 'link': 'http://bj.lianjia.com/ershoufang/101101163644.html',
 'model': u' 2\u5ba41\u5385 ',
 'price': '840',
 'time': u' \u521a\u521a\u53d1\u5e03',
 'title': u'\u65b0\u666f\u5bb6\u56ed\u897f\u533a 2\u5ba41\u5385 840\u4e07',
 'watch_num': u' \u51711\u6b21\u5e26\u770b '}, {'Latitude': '-1,-1',
 'area': u' 76.42\u5e73\u7c73 ',
 'average_price': u'\u5355\u4ef7104685\u5143/\u5e73\u7c73',
 'community': u'\u5317\u7af9\u6746\u80e1\u540c ',
 'focus_num': u'8\u4eba\u5173\u6ce8 ',
 'house_id': '101101163580',
 'link': 'http://bj.lianjia.com/ershoufang/101101163580.html',
 'model': u' 2\u5ba41\u5385 ',
 'price': '800',
 'time': u' \u521a\u521a\u53d1\u5e03',
 'title': u'\u5317\u7af9\u6746\u80e1\u540c 2\u5ba41\u5385 800\u4e07',
 'watch_num': u' \u51711\u6b21\u5e26\u770b '}, {'Latitude': '-1,-1',
 'area': u' 231.24\u5e73\u7c73 ',
 'average_price': u'\u5355\u4ef780004\u5143/\u5e73\u7c73',
 'community': u'\u5b98\u4e66\u9662 ',
 'focus_num': u'3\u4eba\u5173\u6ce8 ',
 'house_id': '101101162875',
 'link': 'http://bj.lianjia.com/ershoufang/101101162875.html',
 'model': u' 6\u5ba42\u5385 ',
 'price': '1850',
 'time': u' \u521a\u521a\u53d1\u5e03',
 'title': u'\u5b98\u4e66\u9662 6\u5ba42\u5385 1850\u4e07',
 'watch_num': u' \u51712\u6b21\u5e26\u770b '}, {'Latitude': '-1,-1',
 'area': u' 93.15\u5e73\u7c73 ',
 'average_price': u'\u5355\u4ef796619\u5143/\u5e73\u7c73',
 'community': u'\u4e1c\u6c34\u4e95\u80e1\u540c ',
 'focus_num': u'3\u4eba\u5173\u6ce8 ',
 'house_id': '101101162522',
 'link': 'http://bj.lianjia.com/ershoufang/101101162522.html',
 'model': u' 3\u5ba41\u5385 ',
 'price': '900',
 'time': u' \u521a\u521a\u53d1\u5e03',
 'title': u'\u4e1c\u6c34\u4e95\u80e1\u540c 3\u5ba41\u5385 900\u4e07',
 'watch_num': u' \u51710\u6b21\u5e26\u770b '}, {'Latitude': '-1,-1',
 'area': u' 87.89\u5e73\u7c73 ',
 'average_price': u'\u5355\u4ef7122881\u5143/\u5e73\u7c73',
 'community': u'\u5bcc\u8d35\u56ed\u4e00\u533a ',
 'focus_num': u'25\u4eba\u5173\u6ce8 ',
 'house_id': '101101161719',
 'link': 'http://bj.lianjia.com/ershoufang/101101161719.html',
 'model': u' 2\u5ba42\u5385 ',
 'price': '1080',
 'time': u' 1\u5929\u4ee5\u524d\u53d1\u5e03',
 'title': u'\u5bcc\u8d35\u56ed\u4e00\u533a 2\u5ba42\u5385 1080\u4e07',
 'watch_num': u' \u51713\u6b21\u5e26\u770b '}, {'Latitude': '-1,-1',
 'area': u' 60.03\u5e73\u7c73 ',
 'average_price': u'\u5355\u4ef7118275\u5143/\u5e73\u7c73',
 'community': u'\u4e1c\u76f4\u95e8\u5185\u5927\u8857 ',
 'focus_num': u'7\u4eba\u5173\u6ce8 ',
 'house_id': '101101161558',
 'link': 'http://bj.lianjia.com/ershoufang/101101161558.html',
 'model': u' 1\u5ba41\u5385 ',
 'price': '710',
 'time': u' 1\u5929\u4ee5\u524d\u53d1\u5e03',
 'title': u'\u4e1c\u76f4\u95e8\u5185\u5927\u8857 1\u5ba41\u5385 710\u4e07',
 'watch_num': u' \u51710\u6b21\u5e26\u770b '}, {'Latitude': '-1,-1',
 'area': u' 67.61\u5e73\u7c73 ',
 'average_price': u'\u5355\u4ef779870\u5143/\u5e73\u7c73',
 'community': u'\u5de6\u5b89\u6d66\u56ed ',
 'focus_num': u'0\u4eba\u5173\u6ce8 ',
 'house_id': '101101160550',
 'link': 'http://bj.lianjia.com/ershoufang/101101160550.html',
 'model': u' 1\u5ba41\u5385 ',
 'price': '540',
 'time': u' 1\u5929\u4ee5\u524d\u53d1\u5e03',
 'title': u'\u5de6\u5b89\u6d66\u56ed 1\u5ba41\u5385 540\u4e07',
 'watch_num': u' \u51710\u6b21\u5e26\u770b '}, {'Latitude': '-1,-1',
 'area': u' 60.68\u5e73\u7c73 ',
 'average_price': u'\u5355\u4ef7123600\u5143/\u5e73\u7c73',
 'community': u'\u7f8e\u672f\u9986\u540e\u8857 ',
 'focus_num': u'6\u4eba\u5173\u6ce8 ',
 'house_id': '101101160514',
 'link': 'http://bj.lianjia.com/ershoufang/101101160514.html',
 'model': u' 2\u5ba41\u5385 ',
 'price': '750',
 'time': u' 1\u5929\u4ee5\u524d\u53d1\u5e03',
 'title': u'\u7f8e\u672f\u9986\u540e\u8857 2\u5ba41\u5385 750\u4e07',
 'watch_num': u' \u51712\u6b21\u5e26\u770b '}, {'Latitude': '-1,-1',
 'area': u' 58.14\u5e73\u7c73 ',
 'average_price': u'\u5355\u4ef7120400\u5143/\u5e73\u7c73',
 'community': u'\u5bcc\u8d35\u56ed\u4e00\u533a ',
 'focus_num': u'6\u4eba\u5173\u6ce8 ',
 'house_id': '101101160461',
 'link': 'http://bj.lianjia.com/ershoufang/101101160461.html',
 'model': u' 1\u5ba41\u5385 ',
 'price': '700',
 'time': u' 1\u5929\u4ee5\u524d\u53d1\u5e03',
 'title': u'\u5bcc\u8d35\u56ed\u4e00\u533a 1\u5ba41\u5385 700\u4e07',
 'watch_num': u' \u51710\u6b21\u5e26\u770b '}, {'Latitude': '-1,-1',
 'area': u' 70.4\u5e73\u7c73 ',
 'average_price': u'\u5355\u4ef7106535\u5143/\u5e73\u7c73',
 'community': u'\u6f58\u5bb6\u5761\u80e1\u540c4\u53f7\u9662 ',
 'focus_num': u'5\u4eba\u5173\u6ce8 ',
 'house_id': '101101159827',
 'link': 'http://bj.lianjia.com/ershoufang/101101159827.html',
 'model': u' 3\u5ba41\u5385 ',
 'price': '750',
 'time': u' 1\u5929\u4ee5\u524d\u53d1\u5e03',
 'title': u'\u6f58\u5bb6\u5761\u80e1\u540c4\u53f7\u9662 3\u5ba41\u5385 750\u4e07',
 'watch_num': u' \u51710\u6b21\u5e26\u770b '}, {'Latitude': '-1,-1',
 'area': u' 57.86\u5e73\u7c73 ',
 'average_price': u'\u5355\u4ef7108884\u5143/\u5e73\u7c73',
 'community': u'\u7af9\u6746\u80e1\u540c ',
 'focus_num': u'12\u4eba\u5173\u6ce8 ',
 'house_id': '101101159415',
 'link': 'http://bj.lianjia.com/ershoufang/101101159415.html',
 'model': u' 1\u5ba41\u5385 ',
 'price': '630',
 'time': u' 1\u5929\u4ee5\u524d\u53d1\u5e03',
 'title': u'\u7af9\u6746\u80e1\u540c 1\u5ba41\u5385 630\u4e07',
 'watch_num': u' \u51710\u6b21\u5e26\u770b '}, {'Latitude': '-1,-1',
 'area': u' 42.59\u5e73\u7c73 ',
 'average_price': u'\u5355\u4ef7105659\u5143/\u5e73\u7c73',
 'community': u'\u5915\u7167\u5bfa\u897f\u91cc ',
 'focus_num': u'8\u4eba\u5173\u6ce8 ',
 'house_id': '101101159199',
 'link': 'http://bj.lianjia.com/ershoufang/101101159199.html',
 'model': u' 1\u5ba41\u5385 ',
 'price': '450',
 'time': u' 1\u5929\u4ee5\u524d\u53d1\u5e03',
 'title': u'\u5915\u7167\u5bfa\u897f\u91cc 1\u5ba41\u5385 450\u4e07',
 'watch_num': u' \u51712\u6b21\u5e26\u770b '}, {'Latitude': '-1,-1',
 'area': u' 59.18\u5e73\u7c73 ',
 'average_price': u'\u5355\u4ef7114904\u5143/\u5e73\u7c73',
 'community': u'\u65b0\u666f\u5bb6\u56ed\u4e1c\u533a ',
 'focus_num': u'7\u4eba\u5173\u6ce8 ',
 'house_id': '101101158110',
 'link': 'http://bj.lianjia.com/ershoufang/101101158110.html',
 'model': u' 1\u5ba41\u5385 ',
 'price': '680',
 'time': u' 1\u5929\u4ee5\u524d\u53d1\u5e03',
 'title': u'\u65b0\u666f\u5bb6\u56ed\u4e1c\u533a 1\u5ba41\u5385 680\u4e07',
 'watch_num': u' \u51713\u6b21\u5e26\u770b '}, {'Latitude': '-1,-1',
 'area': u' 61.15\u5e73\u7c73 ',
 'average_price': u'\u5355\u4ef7106296\u5143/\u5e73\u7c73',
 'community': u'\u56fd\u745e\u57ce\u4e2d\u533a ',
 'focus_num': u'3\u4eba\u5173\u6ce8 ',
 'house_id': '101101157628',
 'link': 'http://bj.lianjia.com/ershoufang/101101157628.html',
 'model': u' 1\u5ba41\u5385 ',
 'price': '650',
 'time': u' 1\u5929\u4ee5\u524d\u53d1\u5e03',
 'title': u'\u56fd\u745e\u57ce\u4e2d\u533a 1\u5ba41\u5385 650\u4e07',
 'watch_num': u' \u51712\u6b21\u5e26\u770b '}, {'Latitude': '-1,-1',
 'area': u' 78.2\u5e73\u7c73 ',
 'average_price': u'\u5355\u4ef7102302\u5143/\u5e73\u7c73',
 'community': u'\u5174\u9686\u90fd\u5e02\u99a8\u56ed ',
 'focus_num': u'0\u4eba\u5173\u6ce8 ',
 'house_id': '101101157319',
 'link': 'http://bj.lianjia.com/ershoufang/101101157319.html',
 'model': u' 2\u5ba41\u5385 ',
 'price': '800',
 'time': u' 1\u5929\u4ee5\u524d\u53d1\u5e03',
 'title': u'\u5174\u9686\u90fd\u5e02\u99a8\u56ed 2\u5ba41\u5385 800\u4e07',
 'watch_num': u' \u51710\u6b21\u5e26\u770b '}, {'Latitude': '-1,-1',
 'area': u' 64.21\u5e73\u7c73 ',
 'average_price': u'\u5355\u4ef788772\u5143/\u5e73\u7c73',
 'community': u'\u5e7f\u6e20\u95e8\u5185\u5927\u8857 ',
 'focus_num': u'8\u4eba\u5173\u6ce8 ',
 'house_id': '101101157185',
 'link': 'http://bj.lianjia.com/ershoufang/101101157185.html',
 'model': u' 3\u5ba40\u5385 ',
 'price': '570',
 'time': u' 1\u5929\u4ee5\u524d\u53d1\u5e03',
 'title': u'\u5e7f\u6e20\u95e8\u5185\u5927\u8857 3\u5ba40\u5385 570\u4e07',
 'watch_num': u' \u51710\u6b21\u5e26\u770b '}, {'Latitude': '-1,-1',
 'area': u' 51.95\u5e73\u7c73 ',
 'average_price': u'\u5355\u4ef769298\u5143/\u5e73\u7c73',
 'community': u'\u5bcc\u83b1\u8335\u82b1\u56ed ',
 'focus_num': u'13\u4eba\u5173\u6ce8 ',
 'house_id': '101101157145',
 'link': 'http://bj.lianjia.com/ershoufang/101101157145.html',
 'model': u' 2\u5ba41\u5385 ',
 'price': '360',
 'time': u' 1\u5929\u4ee5\u524d\u53d1\u5e03',
 'title': u'\u5bcc\u83b1\u8335\u82b1\u56ed 2\u5ba41\u5385 360\u4e07',
 'watch_num': u' \u51711\u6b21\u5e26\u770b '}, {'Latitude': '-1,-1',
 'area': u' 116\u5e73\u7c73 ',
 'average_price': u'\u5355\u4ef790949\u5143/\u5e73\u7c73',
 'community': u'\u65b0\u666f\u5bb6\u56ed\u897f\u533a ',
 'focus_num': u'4\u4eba\u5173\u6ce8 ',
 'house_id': '101101156928',
 'link': 'http://bj.lianjia.com/ershoufang/101101156928.html',
 'model': u' 2\u5ba41\u5385 ',
 'price': '1055',
 'time': u' 1\u5929\u4ee5\u524d\u53d1\u5e03',
 'title': u'\u65b0\u666f\u5bb6\u56ed\u897f\u533a 2\u5ba41\u5385 1055\u4e07',
 'watch_num': u' \u51711\u6b21\u5e26\u770b '}, {'Latitude': '-1,-1',
 'area': u' 139.14\u5e73\u7c73 ',
 'average_price': u'\u5355\u4ef786101\u5143/\u5e73\u7c73',
 'community': u'\u4e1c\u82b1\u5e02\u5317\u91cc\u897f\u533a ',
 'focus_num': u'4\u4eba\u5173\u6ce8 ',
 'house_id': '101101156862',
 'link': 'http://bj.lianjia.com/ershoufang/101101156862.html',
 'model': u' 2\u5ba42\u5385 ',
 'price': '1198',
 'time': u' 1\u5929\u4ee5\u524d\u53d1\u5e03',
 'title': u'\u4e1c\u82b1\u5e02\u5317\u91cc\u897f\u533a 2\u5ba42\u5385 1198\u4e07',
 'watch_num': u' \u51711\u6b21\u5e26\u770b '}, {'Latitude': '-1,-1',
 'area': u' 132.84\u5e73\u7c73 ',
 'average_price': u'\u5355\u4ef7116682\u5143/\u5e73\u7c73',
 'community': u'\u5bcc\u8d35\u56ed\u4e00\u533a ',
 'focus_num': u'7\u4eba\u5173\u6ce8 ',
 'house_id': '101101155928',
 'link': 'http://bj.lianjia.com/ershoufang/101101155928.html',
 'model': u' 3\u5ba42\u5385 ',
 'price': '1550',
 'time': u' 1\u5929\u4ee5\u524d\u53d1\u5e03',
 'title': u'\u5bcc\u8d35\u56ed\u4e00\u533a 3\u5ba42\u5385 1550\u4e07',
 'watch_num': u' \u51713\u6b21\u5e26\u770b '}, {'Latitude': '-1,-1',
 'area': u' 58.52\u5e73\u7c73 ',
 'average_price': u'\u5355\u4ef797403\u5143/\u5e73\u7c73',
 'community': u'\u5b89\u5fb7\u8def47\u53f7\u9662 ',
 'focus_num': u'14\u4eba\u5173\u6ce8 ',
 'house_id': '101101155853',
 'link': 'http://bj.lianjia.com/ershoufang/101101155853.html',
 'model': u' 2\u5ba41\u5385 ',
 'price': '570',
 'time': u' 1\u5929\u4ee5\u524d\u53d1\u5e03',
 'title': u'\u5b89\u5fb7\u8def47\u53f7\u9662 2\u5ba41\u5385 570\u4e07',
 'watch_num': u' \u51710\u6b21\u5e26\u770b '}, {'Latitude': '-1,-1',
 'area': u' 146.06\u5e73\u7c73 ',
 'average_price': u'\u5355\u4ef795167\u5143/\u5e73\u7c73',
 'community': u'\u82b1\u5e02\u67a3\u82d1\u4e00\u671f ',
 'focus_num': u'4\u4eba\u5173\u6ce8 ',
 'house_id': '101101153578',
 'link': 'http://bj.lianjia.com/ershoufang/101101153578.html',
 'model': u' 3\u5ba41\u5385 ',
 'price': '1390',
 'time': u' 2\u5929\u4ee5\u524d\u53d1\u5e03',
 'title': u'\u82b1\u5e02\u67a3\u82d1\u4e00\u671f 3\u5ba41\u5385 1390\u4e07',
 'watch_num': u' \u51710\u6b21\u5e26\u770b '}, {'Latitude': '-1,-1',
 'area': u' 161.27\u5e73\u7c73 ',
 'average_price': u'\u5355\u4ef797973\u5143/\u5e73\u7c73',
 'community': u'\u65b0\u8857\u53e3\u897f\u91cc\u4e8c\u533a ',
 'focus_num': u'9\u4eba\u5173\u6ce8 ',
 'house_id': '101101166602',
 'link': 'http://bj.lianjia.com/ershoufang/101101166602.html',
 'model': u' 4\u5ba42\u5385 ',
 'price': '1580',
 'time': u' \u521a\u521a\u53d1\u5e03',
 'title': u'\u65b0\u8857\u53e3\u897f\u91cc\u4e8c\u533a 4\u5ba42\u5385 1580\u4e07',
 'watch_num': u' \u51710\u6b21\u5e26\u770b '}, {'Latitude': '-1,-1',
 'area': u' 56.43\u5e73\u7c73 ',
 'average_price': u'\u5355\u4ef799238\u5143/\u5e73\u7c73',
 'community': u'\u8f66\u7ad9\u4e1c\u885715\u53f7\u9662 ',
 'focus_num': u'6\u4eba\u5173\u6ce8 ',
 'house_id': '101101166084',
 'link': 'http://bj.lianjia.com/ershoufang/101101166084.html',
 'model': u' 3\u5ba41\u5385 ',
 'price': '560',
 'time': u' \u521a\u521a\u53d1\u5e03',
 'title': u'\u8f66\u7ad9\u4e1c\u885715\u53f7\u9662 3\u5ba41\u5385 560\u4e07',
 'watch_num': u' \u51710\u6b21\u5e26\u770b '}, {'Latitude': '-1,-1',
 'area': u' 88.32\u5e73\u7c73 ',
 'average_price': u'\u5355\u4ef7110961\u5143/\u5e73\u7c73',
 'community': u'\u4fe1\u548c\u5609\u56ed ',
 'focus_num': u'3\u4eba\u5173\u6ce8 ',
 'house_id': '101101165133',
 'link': 'http://bj.lianjia.com/ershoufang/101101165133.html',
 'model': u' 2\u5ba41\u5385 ',
 'price': '980',
 'time': u' \u521a\u521a\u53d1\u5e03',
 'title': u'\u4fe1\u548c\u5609\u56ed 2\u5ba41\u5385 980\u4e07',
 'watch_num': u' \u51710\u6b21\u5e26\u770b '}, {'Latitude': '-1,-1',
 'area': u' 61.79\u5e73\u7c73 ',
 'average_price': u'\u5355\u4ef7105196\u5143/\u5e73\u7c73',
 'community': u'\u693f\u6811\u9986\u885735\u53f7\u9662 ',
 'focus_num': u'3\u4eba\u5173\u6ce8 ',
 'house_id': '101101164395',
 'link': 'http://bj.lianjia.com/ershoufang/101101164395.html',
 'model': u' 2\u5ba41\u5385 ',
 'price': '650',
 'time': u' \u521a\u521a\u53d1\u5e03',
 'title': u'\u693f\u6811\u9986\u885735\u53f7\u9662 2\u5ba41\u5385 650\u4e07',
 'watch_num': u' \u51710\u6b21\u5e26\u770b '}, {'Latitude': '-1,-1',
 'area': u' 60\u5e73\u7c73 ',
 'average_price': u'\u5355\u4ef7113334\u5143/\u5e73\u7c73',
 'community': u'\u6708\u575b\u897f\u885724\u53f7\u9662 ',
 'focus_num': u'5\u4eba\u5173\u6ce8 ',
 'house_id': '101101164278',
 'link': 'http://bj.lianjia.com/ershoufang/101101164278.html',
 'model': u' 2\u5ba41\u5385 ',
 'price': '680',
 'time': u' \u521a\u521a\u53d1\u5e03',
 'title': u'\u6708\u575b\u897f\u885724\u53f7\u9662 2\u5ba41\u5385 680\u4e07',
 'watch_num': u' \u51711\u6b21\u5e26\u770b '}, {'Latitude': '-1,-1',
 'area': u' 54.3\u5e73\u7c73 ',
 'average_price': u'\u5355\u4ef7132597\u5143/\u5e73\u7c73',
 'community': u'\u767e\u4e07\u5e84\u5927\u8857\u753221\u53f7\u9662 ',
 'focus_num': u'28\u4eba\u5173\u6ce8 ',
 'house_id': '101101163978',
 'link': 'http://bj.lianjia.com/ershoufang/101101163978.html',
 'model': u' 2\u5ba41\u5385 ',
 'price': '720',
 'time': u' \u521a\u521a\u53d1\u5e03',
 'title': u'\u767e\u4e07\u5e84\u5927\u8857\u753221\u53f7\u9662 2\u5ba41\u5385 720\u4e07',
 'watch_num': u' \u51710\u6b21\u5e26\u770b '}, {'Latitude': '-1,-1',
 'area': u' 106.3\u5e73\u7c73 ',
 'average_price': u'\u5355\u4ef7122296\u5143/\u5e73\u7c73',
 'community': u'\u4e07\u660e\u56ed ',
 'focus_num': u'5\u4eba\u5173\u6ce8 ',
 'house_id': '101101163946',
 'link': 'http://bj.lianjia.com/ershoufang/101101163946.html',
 'model': u' 3\u5ba41\u5385 ',
 'price': '1300',
 'time': u' \u521a\u521a\u53d1\u5e03',
 'title': u'\u4e07\u660e\u56ed 3\u5ba41\u5385 1300\u4e07',
 'watch_num': u' \u51710\u6b21\u5e26\u770b '}, {'Latitude': '-1,-1',
 'area': u' 59.26\u5e73\u7c73 ',
 'average_price': u'\u5355\u4ef7108843\u5143/\u5e73\u7c73',
 'community': u'\u5357\u534e\u4e1c\u8857 ',
 'focus_num': u'5\u4eba\u5173\u6ce8 ',
 'house_id': '101101163835',
 'link': 'http://bj.lianjia.com/ershoufang/101101163835.html',
 'model': u' 2\u5ba41\u5385 ',
 'price': '645',
 'time': u' \u521a\u521a\u53d1\u5e03',
 'title': u'\u5357\u534e\u4e1c\u8857 2\u5ba41\u5385 645\u4e07',
 'watch_num': u' \u51710\u6b21\u5e26\u770b '}, {'Latitude': '-1,-1',
 'area': u' 81.76\u5e73\u7c73 ',
 'average_price': u'\u5355\u4ef786228\u5143/\u5e73\u7c73',
 'community': u'\u5317\u6b27\u5370\u8c61 ',
 'focus_num': u'2\u4eba\u5173\u6ce8 ',
 'house_id': '101101163316',
 'link': 'http://bj.lianjia.com/ershoufang/101101163316.html',
 'model': u' 2\u5ba41\u5385 ',
 'price': '705',
 'time': u' \u521a\u521a\u53d1\u5e03',
 'title': u'\u5317\u6b27\u5370\u8c61 2\u5ba41\u5385 705\u4e07',
 'watch_num': u' \u51710\u6b21\u5e26\u770b '}, {'Latitude': '-1,-1',
 'area': u' 85\u5e73\u7c73 ',
 'average_price': u'\u5355\u4ef765295\u5143/\u5e73\u7c73',
 'community': u'\u7b2c\u4e09\u533a ',
 'focus_num': u'3\u4eba\u5173\u6ce8 ',
 'house_id': '101101162503',
 'link': 'http://bj.lianjia.com/ershoufang/101101162503.html',
 'model': u' 2\u5ba41\u5385 ',
 'price': '555',
 'time': u' \u521a\u521a\u53d1\u5e03',
 'title': u'\u7b2c\u4e09\u533a 2\u5ba41\u5385 555\u4e07',
 'watch_num': u' \u51710\u6b21\u5e26\u770b '}, {'Latitude': '-1,-1',
 'area': u' 168.61\u5e73\u7c73 ',
 'average_price': u'\u5355\u4ef774077\u5143/\u5e73\u7c73',
 'community': u'\u6052\u660c\u82b1\u56ed ',
 'focus_num': u'1\u4eba\u5173\u6ce8 ',
 'house_id': '101101162328',
 'link': 'http://bj.lianjia.com/ershoufang/101101162328.html',
 'model': u' 3\u5ba42\u5385 ',
 'price': '1249',
 'time': u' \u521a\u521a\u53d1\u5e03',
 'title': u'\u6052\u660c\u82b1\u56ed 3\u5ba42\u5385 1249\u4e07',
 'watch_num': u' \u51710\u6b21\u5e26\u770b '}, {'Latitude': '-1,-1',
 'area': u' 92.5\u5e73\u7c73 ',
 'average_price': u'\u5355\u4ef7145946\u5143/\u5e73\u7c73',
 'community': u'\u6c7d\u5317\u5c0f\u533a ',
 'focus_num': u'11\u4eba\u5173\u6ce8 ',
 'house_id': '101101162088',
 'link': 'http://bj.lianjia.com/ershoufang/101101162088.html',
 'model': u' 3\u5ba41\u5385 ',
 'price': '1350',
 'time': u' \u521a\u521a\u53d1\u5e03',
 'title': u'\u6c7d\u5317\u5c0f\u533a 3\u5ba41\u5385 1350\u4e07',
 'watch_num': u' \u51713\u6b21\u5e26\u770b '}, {'Latitude': '-1,-1',
 'area': u' 95.08\u5e73\u7c73 ',
 'average_price': u'\u5355\u4ef796340\u5143/\u5e73\u7c73',
 'community': u'\u8fdc\u89c1\u540d\u82d1 ',
 'focus_num': u'22\u4eba\u5173\u6ce8 ',
 'house_id': '101101161883',
 'link': 'http://bj.lianjia.com/ershoufang/101101161883.html',
 'model': u' 2\u5ba42\u5385 ',
 'price': '916',
 'time': u' \u521a\u521a\u53d1\u5e03',
 'title': u'\u8fdc\u89c1\u540d\u82d1 2\u5ba42\u5385 916\u4e07',
 'watch_num': u' \u51710\u6b21\u5e26\u770b '}, {'Latitude': '-1,-1',
 'area': u' 60.7\u5e73\u7c73 ',
 'average_price': u'\u5355\u4ef7148271\u5143/\u5e73\u7c73',
 'community': u'\u65b0\u5916\u5927\u88576\u53f7\u9662 ',
 'focus_num': u'16\u4eba\u5173\u6ce8 ',
 'house_id': '101101161882',
 'link': 'http://bj.lianjia.com/ershoufang/101101161882.html',
 'model': u' 2\u5ba41\u5385 ',
 'price': '900',
 'time': u' \u521a\u521a\u53d1\u5e03',
 'title': u'\u65b0\u5916\u5927\u88576\u53f7\u9662 2\u5ba41\u5385 900\u4e07',
 'watch_num': u' \u51713\u6b21\u5e26\u770b '}, {'Latitude': '-1,-1',
 'area': u' 88.69\u5e73\u7c73 ',
 'average_price': u'\u5355\u4ef790202\u5143/\u5e73\u7c73',
 'community': u'\u5e38\u9752\u85e4\u5609\u56ed ',
 'focus_num': u'27\u4eba\u5173\u6ce8 ',
 'house_id': '101101161809',
 'link': 'http://bj.lianjia.com/ershoufang/101101161809.html',
 'model': u' 2\u5ba41\u5385 ',
 'price': '800',
 'time': u' 1\u5929\u4ee5\u524d\u53d1\u5e03',
 'title': u'\u5e38\u9752\u85e4\u5609\u56ed 2\u5ba41\u5385 800\u4e07',
 'watch_num': u' \u51716\u6b21\u5e26\u770b '}, {'Latitude': '-1,-1',
 'area': u' 86.7\u5e73\u7c73 ',
 'average_price': u'\u5355\u4ef7113034\u5143/\u5e73\u7c73',
 'community': u'\u897f\u76f4\u95e8\u5357\u5927\u8857 ',
 'focus_num': u'16\u4eba\u5173\u6ce8 ',
 'house_id': '101101161717',
 'link': 'http://bj.lianjia.com/ershoufang/101101161717.html',
 'model': u' 3\u5ba41\u5385 ',
 'price': '980',
 'time': u' 1\u5929\u4ee5\u524d\u53d1\u5e03',
 'title': u'\u897f\u76f4\u95e8\u5357\u5927\u8857 3\u5ba41\u5385 980\u4e07',
 'watch_num': u' \u51710\u6b21\u5e26\u770b '}, {'Latitude': '-1,-1',
 'area': u' 77.7\u5e73\u7c73 ',
 'average_price': u'\u5355\u4ef772073\u5143/\u5e73\u7c73',
 'community': u'\u4e09\u91cc\u6cb3\u4e1c\u8def7\u53f7\u9662 ',
 'focus_num': u'5\u4eba\u5173\u6ce8 ',
 'house_id': '101101161517',
 'link': 'http://bj.lianjia.com/ershoufang/101101161517.html',
 'model': u' 3\u5ba41\u5385 ',
 'price': '560',
 'time': u' 1\u5929\u4ee5\u524d\u53d1\u5e03',
 'title': u'\u5357\u5317\u901a\u900f\u5927\u4e09\u5c45 \u4e2d\u53e4\u5c0f\u5b66  \u6ee1\u4e94\u552f\u4e00',
 'watch_num': u' \u51710\u6b21\u5e26\u770b '}, {'Latitude': '-1,-1',
 'area': u' 56.43\u5e73\u7c73 ',
 'average_price': u'\u5355\u4ef7111643\u5143/\u5e73\u7c73',
 'community': u'\u8f66\u7ad9\u4e1c\u885715\u53f7\u9662 ',
 'focus_num': u'8\u4eba\u5173\u6ce8 ',
 'house_id': '101101161448',
 'link': 'http://bj.lianjia.com/ershoufang/101101161448.html',
 'model': u' 3\u5ba41\u5385 ',
 'price': '630',
 'time': u' 1\u5929\u4ee5\u524d\u53d1\u5e03',
 'title': u'\u8f66\u7ad9\u4e1c\u885715\u53f7\u9662 3\u5ba41\u5385 630\u4e07',
 'watch_num': u' \u51712\u6b21\u5e26\u770b '}, {'Latitude': '-1,-1',
 'area': u' 73.67\u5e73\u7c73 ',
 'average_price': u'\u5355\u4ef7109950\u5143/\u5e73\u7c73',
 'community': u'\u5e7f\u5b89\u82d1\u4e00\u671f ',
 'focus_num': u'6\u4eba\u5173\u6ce8 ',
 'house_id': '101101161334',
 'link': 'http://bj.lianjia.com/ershoufang/101101161334.html',
 'model': u' 2\u5ba42\u5385 ',
 'price': '810',
 'time': u' 1\u5929\u4ee5\u524d\u53d1\u5e03',
 'title': u'\u5e7f\u5b89\u82d1\u4e00\u671f 2\u5ba42\u5385 810\u4e07',
 'watch_num': u' \u51710\u6b21\u5e26\u770b '}, {'Latitude': '-1,-1',
 'area': u' 87.41\u5e73\u7c73 ',
 'average_price': u'\u5355\u4ef798387\u5143/\u5e73\u7c73',
 'community': u'\u9a6c\u8fde\u9053\u4e2d\u91cc ',
 'focus_num': u'23\u4eba\u5173\u6ce8 ',
 'house_id': '101101161181',
 'link': 'http://bj.lianjia.com/ershoufang/101101161181.html',
 'model': u' 3\u5ba41\u5385 ',
 'price': '860',
 'time': u' 1\u5929\u4ee5\u524d\u53d1\u5e03',
 'title': u'\u9a6c\u8fde\u9053\u4e2d\u91cc 3\u5ba41\u5385 860\u4e07',
 'watch_num': u' \u51716\u6b21\u5e26\u770b '}, {'Latitude': '-1,-1',
 'area': u' 58.7\u5e73\u7c73 ',
 'average_price': u'\u5355\u4ef7114992\u5143/\u5e73\u7c73',
 'community': u'\u8f66\u516c\u5e84\u5927\u8857 ',
 'focus_num': u'3\u4eba\u5173\u6ce8 ',
 'house_id': '101101160831',
 'link': 'http://bj.lianjia.com/ershoufang/101101160831.html',
 'model': u' 2\u5ba41\u5385 ',
 'price': '675',
 'time': u' 1\u5929\u4ee5\u524d\u53d1\u5e03',
 'title': u'\u8f66\u516c\u5e84\u5927\u8857 2\u5ba41\u5385 675\u4e07',
 'watch_num': u' \u51711\u6b21\u5e26\u770b '}, {'Latitude': '-1,-1',
 'area': u' 52\u5e73\u7c73 ',
 'average_price': u'\u5355\u4ef7138462\u5143/\u5e73\u7c73',
 'community': u'\u5eb7\u4e50\u91cc\u5c0f\u533a ',
 'focus_num': u'6\u4eba\u5173\u6ce8 ',
 'house_id': '101101160794',
 'link': 'http://bj.lianjia.com/ershoufang/101101160794.html',
 'model': u' 1\u5ba41\u5385 ',
 'price': '720',
 'time': u' 1\u5929\u4ee5\u524d\u53d1\u5e03',
 'title': u'\u5eb7\u4e50\u91cc\u5c0f\u533a 1\u5ba41\u5385 720\u4e07',
 'watch_num': u' \u51710\u6b21\u5e26\u770b '}, {'Latitude': '-1,-1',
 'area': u' 96.7\u5e73\u7c73 ',
 'average_price': u'\u5355\u4ef7149949\u5143/\u5e73\u7c73',
 'community': u'\u516d\u94fa\u7095\u4e09\u533a ',
 'focus_num': u'19\u4eba\u5173\u6ce8 ',
 'house_id': '101101160732',
 'link': 'http://bj.lianjia.com/ershoufang/101101160732.html',
 'model': u' 3\u5ba41\u5385 ',
 'price': '1450',
 'time': u' 1\u5929\u4ee5\u524d\u53d1\u5e03',
 'title': u'\u516d\u94fa\u7095\u4e09\u533a 3\u5ba41\u5385 1450\u4e07',
 'watch_num': u' \u51710\u6b21\u5e26\u770b '}, {'Latitude': '-1,-1',
 'area': u' 56.9\u5e73\u7c73 ',
 'average_price': u'\u5355\u4ef7105449\u5143/\u5e73\u7c73',
 'community': u'\u8f66\u7ad9\u897f\u885713\u53f7\u9662 ',
 'focus_num': u'4\u4eba\u5173\u6ce8 ',
 'house_id': '101101160497',
 'link': 'http://bj.lianjia.com/ershoufang/101101160497.html',
 'model': u' 2\u5ba41\u5385 ',
 'price': '600',
 'time': u' 1\u5929\u4ee5\u524d\u53d1\u5e03',
 'title': u'\u8f66\u7ad9\u897f\u885713\u53f7\u9662 2\u5ba41\u5385 600\u4e07',
 'watch_num': u' \u51717\u6b21\u5e26\u770b '}, {'Latitude': '-1,-1',
 'area': u' 81.3\u5e73\u7c73 ',
 'average_price': u'\u5355\u4ef7122756\u5143/\u5e73\u7c73',
 'community': u'\u6708\u575b\u5357\u885737\u53f7\u9662 ',
 'focus_num': u'15\u4eba\u5173\u6ce8 ',
 'house_id': '101101160409',
 'link': 'http://bj.lianjia.com/ershoufang/101101160409.html',
 'model': u' 2\u5ba41\u5385 ',
 'price': '998',
 'time': u' 1\u5929\u4ee5\u524d\u53d1\u5e03',
 'title': u'\u6708\u575b\u5357\u885737\u53f7\u9662 2\u5ba41\u5385 998\u4e07',
 'watch_num': u' \u51710\u6b21\u5e26\u770b '}, {'Latitude': '-1,-1',
 'area': u' 48.67\u5e73\u7c73 ',
 'average_price': u'\u5355\u4ef7102733\u5143/\u5e73\u7c73',
 'community': u'\u6cd5\u6e90\u5bfa\u897f\u91cc\u5c0f\u533a ',
 'focus_num': u'7\u4eba\u5173\u6ce8 ',
 'house_id': '101101160027',
 'link': 'http://bj.lianjia.com/ershoufang/101101160027.html',
 'model': u' 1\u5ba41\u5385 ',
 'price': '500',
 'time': u' 1\u5929\u4ee5\u524d\u53d1\u5e03',
 'title': u'\u6cd5\u6e90\u5bfa\u897f\u91cc\u5c0f\u533a 1\u5ba41\u5385 500\u4e07',
 'watch_num': u' \u51711\u6b21\u5e26\u770b '}, {'Latitude': '-1,-1',
 'area': u' 48\u5e73\u7c73 ',
 'average_price': u'\u5355\u4ef7141667\u5143/\u5e73\u7c73',
 'community': u'\u5c55\u89c8\u8def ',
 'focus_num': u'9\u4eba\u5173\u6ce8 ',
 'house_id': '101101159925',
 'link': 'http://bj.lianjia.com/ershoufang/101101159925.html',
 'model': u' 2\u5ba41\u5385 ',
 'price': '680',
 'time': u' 1\u5929\u4ee5\u524d\u53d1\u5e03',
 'title': u'\u5c55\u89c8\u8def 2\u5ba41\u5385 680\u4e07',
 'watch_num': u' \u51710\u6b21\u5e26\u770b '}, {'Latitude': '-1,-1',
 'area': u' 61.92\u5e73\u7c73 ',
 'average_price': u'\u5355\u4ef7113050\u5143/\u5e73\u7c73',
 'community': u'\u8f66\u7ad9\u4e1c\u8857\u75325\u53f7\u9662 ',
 'focus_num': u'1\u4eba\u5173\u6ce8 ',
 'house_id': '101101159677',
 'link': 'http://bj.lianjia.com/ershoufang/101101159677.html',
 'model': u' 2\u5ba41\u5385 ',
 'price': '700',
 'time': u' 1\u5929\u4ee5\u524d\u53d1\u5e03',
 'title': u'\u8f66\u7ad9\u4e1c\u8857\u75325\u53f7\u9662 2\u5ba41\u5385 700\u4e07',
 'watch_num': u' \u51711\u6b21\u5e26\u770b '}, {'Latitude': '-1,-1',
 'area': u' 59.8\u5e73\u7c73 ',
 'average_price': u'\u5355\u4ef7149666\u5143/\u5e73\u7c73',
 'community': u'\u5fb7\u80dc\u91cc\u4e00\u533a ',
 'focus_num': u'12\u4eba\u5173\u6ce8 ',
 'house_id': '101101159539',
 'link': 'http://bj.lianjia.com/ershoufang/101101159539.html',
 'model': u' 2\u5ba41\u5385 ',
 'price': '895',
 'time': u' 1\u5929\u4ee5\u524d\u53d1\u5e03',
 'title': u'\u5fb7\u80dc\u91cc\u4e00\u533a 2\u5ba41\u5385 895\u4e07',
 'watch_num': u' \u51711\u6b21\u5e26\u770b '}, {'Latitude': '-1,-1',
 'area': u' 46.7\u5e73\u7c73 ',
 'average_price': u'\u5355\u4ef7128480\u5143/\u5e73\u7c73',
 'community': u'\u693f\u6811\u56ed ',
 'focus_num': u'10\u4eba\u5173\u6ce8 ',
 'house_id': '101101159290',
 'link': 'http://bj.lianjia.com/ershoufang/101101159290.html',
 'model': u' 1\u5ba41\u5385 ',
 'price': '600',
 'time': u' 1\u5929\u4ee5\u524d\u53d1\u5e03',
 'title': u'\u693f\u6811\u56ed 1\u5ba41\u5385 600\u4e07',
 'watch_num': u' \u51711\u6b21\u5e26\u770b '}, {'Latitude': '-1,-1',
 'area': u' 48.8\u5e73\u7c73 ',
 'average_price': u'\u5355\u4ef781968\u5143/\u5e73\u7c73',
 'community': u'\u666e\u60e0\u5357\u91cc ',
 'focus_num': u'0\u4eba\u5173\u6ce8 ',
 'house_id': '101101167442',
 'link': 'http://bj.lianjia.com/ershoufang/101101167442.html',
 'model': u' 2\u5ba41\u5385 ',
 'price': '400',
 'time': u' \u521a\u521a\u53d1\u5e03',
 'title': u'\u666e\u60e0\u5357\u91cc 2\u5ba41\u5385 400\u4e07',
 'watch_num': u' \u51710\u6b21\u5e26\u770b '}, {'Latitude': '-1,-1',
 'area': u' 63.6\u5e73\u7c73 ',
 'average_price': u'\u5355\u4ef792768\u5143/\u5e73\u7c73',
 'community': u'\u4e09\u864e\u6865 ',
 'focus_num': u'1\u4eba\u5173\u6ce8 ',
 'house_id': '101101167318',
 'link': 'http://bj.lianjia.com/ershoufang/101101167318.html',
 'model': u' 3\u5ba41\u5385 ',
 'price': '590',
 'time': u' \u521a\u521a\u53d1\u5e03',
 'title': u'\u4e09\u864e\u6865 3\u5ba41\u5385 590\u4e07',
 'watch_num': u' \u51711\u6b21\u5e26\u770b '}, {'Latitude': '-1,-1',
 'area': u' 152.61\u5e73\u7c73 ',
 'average_price': u'\u5355\u4ef796324\u5143/\u5e73\u7c73',
 'community': u'\u4eba\u6d4e\u5c71\u5e84 ',
 'focus_num': u'1\u4eba\u5173\u6ce8 ',
 'house_id': '101101165535',
 'link': 'http://bj.lianjia.com/ershoufang/101101165535.html',
 'model': u' 3\u5ba42\u5385 ',
 'price': '1470',
 'time': u' \u521a\u521a\u53d1\u5e03',
 'title': u'\u4eba\u6d4e\u5c71\u5e84 3\u5ba42\u5385 1470\u4e07',
 'watch_num': u' \u51710\u6b21\u5e26\u770b '}, {'Latitude': '-1,-1',
 'area': u' 67\u5e73\u7c73 ',
 'average_price': u'\u5355\u4ef773135\u5143/\u5e73\u7c73',
 'community': u'\u5b9d\u76db\u91cc ',
 'focus_num': u'2\u4eba\u5173\u6ce8 ',
 'house_id': '101101164973',
 'link': 'http://bj.lianjia.com/ershoufang/101101164973.html',
 'model': u' 2\u5ba41\u5385 ',
 'price': '490',
 'time': u' \u521a\u521a\u53d1\u5e03',
 'title': u'\u5b9d\u76db\u91cc 2\u5ba41\u5385 490\u4e07',
 'watch_num': u' \u51712\u6b21\u5e26\u770b '}, {'Latitude': '-1,-1',
 'area': u' 72.9\u5e73\u7c73 ',
 'average_price': u'\u5355\u4ef7118656\u5143/\u5e73\u7c73',
 'community': u'\u7682\u541b\u4e1c\u91cc ',
 'focus_num': u'5\u4eba\u5173\u6ce8 ',
 'house_id': '101101164688',
 'link': 'http://bj.lianjia.com/ershoufang/101101164688.html',
 'model': u' 3\u5ba41\u5385 ',
 'price': '865',
 'time': u' \u521a\u521a\u53d1\u5e03',
 'title': u'\u7682\u541b\u4e1c\u91cc 3\u5ba41\u5385 865\u4e07',
 'watch_num': u' \u51711\u6b21\u5e26\u770b '}, {'Latitude': '-1,-1',
 'area': u' 69.01\u5e73\u7c73 ',
 'average_price': u'\u5355\u4ef7110854\u5143/\u5e73\u7c73',
 'community': u'\u56fd\u5bb6\u6c14\u8c61\u5c40 ',
 'focus_num': u'5\u4eba\u5173\u6ce8 ',
 'house_id': '101101164662',
 'link': 'http://bj.lianjia.com/ershoufang/101101164662.html',
 'model': u' 2\u5ba41\u5385 ',
 'price': '765',
 'time': u' \u521a\u521a\u53d1\u5e03',
 'title': u'\u56fd\u5bb6\u6c14\u8c61\u5c40 2\u5ba41\u5385 765\u4e07',
 'watch_num': u' \u51718\u6b21\u5e26\u770b '}, {'Latitude': '-1,-1',
 'area': u' 44.3\u5e73\u7c73 ',
 'average_price': u'\u5355\u4ef790294\u5143/\u5e73\u7c73',
 'community': u'\u4e0a\u6797\u6eaa ',
 'focus_num': u'1\u4eba\u5173\u6ce8 ',
 'house_id': '101101164492',
 'link': 'http://bj.lianjia.com/ershoufang/101101164492.html',
 'model': u' 1\u5ba40\u5385 ',
 'price': '400',
 'time': u' \u521a\u521a\u53d1\u5e03',
 'title': u'\u4e0a\u6797\u6eaa 1\u5ba40\u5385 400\u4e07',
 'watch_num': u' \u51710\u6b21\u5e26\u770b '}, {'Latitude': '-1,-1',
 'area': u' 45.29\u5e73\u7c73 ',
 'average_price': u'\u5355\u4ef779930\u5143/\u5e73\u7c73',
 'community': u'\u7535\u4fe1\u5c0f\u533a ',
 'focus_num': u'9\u4eba\u5173\u6ce8 ',
 'house_id': '101101164071',
 'link': 'http://bj.lianjia.com/ershoufang/101101164071.html',
 'model': u' 1\u5ba41\u5385 ',
 'price': '362',
 'time': u' \u521a\u521a\u53d1\u5e03',
 'title': u'\u7535\u4fe1\u5c0f\u533a 1\u5ba41\u5385 362\u4e07',
 'watch_num': u' \u51716\u6b21\u5e26\u770b '}, {'Latitude': '-1,-1',
 'area': u' 69.3\u5e73\u7c73 ',
 'average_price': u'\u5355\u4ef795239\u5143/\u5e73\u7c73',
 'community': u'\u94c1\u4e1c\u5c0f\u533a ',
 'focus_num': u'1\u4eba\u5173\u6ce8 ',
 'house_id': '101101164032',
 'link': 'http://bj.lianjia.com/ershoufang/101101164032.html',
 'model': u' 3\u5ba41\u5385 ',
 'price': '660',
 'time': u' \u521a\u521a\u53d1\u5e03',
 'title': u'\u94c1\u4e1c\u5c0f\u533a 3\u5ba41\u5385 660\u4e07',
 'watch_num': u' \u51710\u6b21\u5e26\u770b '}, {'Latitude': '-1,-1',
 'area': u' 42.8\u5e73\u7c73 ',
 'average_price': u'\u5355\u4ef794627\u5143/\u5e73\u7c73',
 'community': u'\u516b\u91cc\u5e84\u5317\u91cc ',
 'focus_num': u'1\u4eba\u5173\u6ce8 ',
 'house_id': '101101163924',
 'link': 'http://bj.lianjia.com/ershoufang/101101163924.html',
 'model': u' 1\u5ba41\u5385 ',
 'price': '405',
 'time': u' \u521a\u521a\u53d1\u5e03',
 'title': u'\u516b\u91cc\u5e84\u5317\u91cc 1\u5ba41\u5385 405\u4e07',
 'watch_num': u' \u51710\u6b21\u5e26\u770b '}, {'Latitude': '-1,-1',
 'area': u' 54.7\u5e73\u7c73 ',
 'average_price': u'\u5355\u4ef794150\u5143/\u5e73\u7c73',
 'community': u'\u516b\u91cc\u5e84\u5317\u91cc ',
 'focus_num': u'1\u4eba\u5173\u6ce8 ',
 'house_id': '101101163913',
 'link': 'http://bj.lianjia.com/ershoufang/101101163913.html',
 'model': u' 2\u5ba41\u5385 ',
 'price': '515',
 'time': u' \u521a\u521a\u53d1\u5e03',
 'title': u'\u516b\u91cc\u5e84\u5317\u91cc 2\u5ba41\u5385 515\u4e07',
 'watch_num': u' \u51710\u6b21\u5e26\u770b '}, {'Latitude': '-1,-1',
 'area': u' 57.9\u5e73\u7c73 ',
 'average_price': u'\u5355\u4ef7100173\u5143/\u5e73\u7c73',
 'community': u'\u9752\u4e91\u5317\u533a ',
 'focus_num': u'9\u4eba\u5173\u6ce8 ',
 'house_id': '101101163219',
 'link': 'http://bj.lianjia.com/ershoufang/101101163219.html',
 'model': u' 2\u5ba41\u5385 ',
 'price': '580',
 'time': u' \u521a\u521a\u53d1\u5e03',
 'title': u'\u9752\u4e91\u5317\u533a 2\u5ba41\u5385 580\u4e07',
 'watch_num': u' \u51716\u6b21\u5e26\u770b '}, {'Latitude': '-1,-1',
 'area': u' 63.01\u5e73\u7c73 ',
 'average_price': u'\u5355\u4ef765070\u5143/\u5e73\u7c73',
 'community': u'\u5efa\u6750\u57ce\u897f\u4e8c\u91cc ',
 'focus_num': u'11\u4eba\u5173\u6ce8 ',
 'house_id': '101101162557',
 'link': 'http://bj.lianjia.com/ershoufang/101101162557.html',
 'model': u' 2\u5ba41\u5385 ',
 'price': '410',
 'time': u' \u521a\u521a\u53d1\u5e03',
 'title': u'\u5efa\u6750\u57ce\u897f\u4e8c\u91cc 2\u5ba41\u5385 410\u4e07',
 'watch_num': u' \u51710\u6b21\u5e26\u770b '}, {'Latitude': '-1,-1',
 'area': u' 74.55\u5e73\u7c73 ',
 'average_price': u'\u5355\u4ef778874\u5143/\u5e73\u7c73',
 'community': u'\u5b9a\u6167\u5317\u91cc ',
 'focus_num': u'15\u4eba\u5173\u6ce8 ',
 'house_id': '101101161837',
 'link': 'http://bj.lianjia.com/ershoufang/101101161837.html',
 'model': u' 2\u5ba41\u5385 ',
 'price': '588',
 'time': u' \u521a\u521a\u53d1\u5e03',
 'title': u'\u5b9a\u6167\u5317\u91cc 2\u5ba41\u5385 588\u4e07',
 'watch_num': u' \u51717\u6b21\u5e26\u770b '}, {'Latitude': '-1,-1',
 'area': u' 59.2\u5e73\u7c73 ',
 'average_price': u'\u5355\u4ef796284\u5143/\u5e73\u7c73',
 'community': u'\u7682\u541b\u5e99\u4e192\u53f7\u9662 ',
 'focus_num': u'1\u4eba\u5173\u6ce8 ',
 'house_id': '101101161829',
 'link': 'http://bj.lianjia.com/ershoufang/101101161829.html',
 'model': u' 2\u5ba41\u5385 ',
 'price': '570',
 'time': u' \u521a\u521a\u53d1\u5e03',
 'title': u'\u7682\u541b\u5e99\u4e192\u53f7\u9662 2\u5ba41\u5385 570\u4e07',
 'watch_num': u' \u51714\u6b21\u5e26\u770b '}, {'Latitude': '-1,-1',
 'area': u' 49.6\u5e73\u7c73 ',
 'average_price': u'\u5355\u4ef791331\u5143/\u5e73\u7c73',
 'community': u'\u4e09\u864e\u6865 ',
 'focus_num': u'8\u4eba\u5173\u6ce8 ',
 'house_id': '101101161798',
 'link': 'http://bj.lianjia.com/ershoufang/101101161798.html',
 'model': u' 2\u5ba41\u5385 ',
 'price': '453',
 'time': u' 1\u5929\u4ee5\u524d\u53d1\u5e03',
 'title': u'\u4e09\u864e\u6865 2\u5ba41\u5385 453\u4e07',
 'watch_num': u' \u51710\u6b21\u5e26\u770b '}, {'Latitude': '-1,-1',
 'area': u' 88.19\u5e73\u7c73 ',
 'average_price': u'\u5355\u4ef7102960\u5143/\u5e73\u7c73',
 'community': u'\u6a61\u6811\u6e7e ',
 'focus_num': u'17\u4eba\u5173\u6ce8 ',
 'house_id': '101101161691',
 'link': 'http://bj.lianjia.com/ershoufang/101101161691.html',
 'model': u' 2\u5ba41\u5385 ',
 'price': '908',
 'time': u' 1\u5929\u4ee5\u524d\u53d1\u5e03',
 'title': u'\u6a61\u6811\u6e7e 2\u5ba41\u5385 908\u4e07',
 'watch_num': u' \u51710\u6b21\u5e26\u770b '}, {'Latitude': '-1,-1',
 'area': u' 68.85\u5e73\u7c73 ',
 'average_price': u'\u5355\u4ef795861\u5143/\u5e73\u7c73',
 'community': u'\u957f\u6cb3\u6e7e ',
 'focus_num': u'11\u4eba\u5173\u6ce8 ',
 'house_id': '101101161594',
 'link': 'http://bj.lianjia.com/ershoufang/101101161594.html',
 'model': u' 1\u5ba41\u5385 ',
 'price': '660',
 'time': u' 1\u5929\u4ee5\u524d\u53d1\u5e03',
 'title': u'\u957f\u6cb3\u6e7e 1\u5ba41\u5385 660\u4e07',
 'watch_num': u' \u51714\u6b21\u5e26\u770b '}, {'Latitude': '-1,-1',
 'area': u' 45.15\u5e73\u7c73 ',
 'average_price': u'\u5355\u4ef775305\u5143/\u5e73\u7c73',
 'community': u'\u6c38\u6cf0\u4e1c\u91cc ',
 'focus_num': u'16\u4eba\u5173\u6ce8 ',
 'house_id': '101101161557',
 'link': 'http://bj.lianjia.com/ershoufang/101101161557.html',
 'model': u' 1\u5ba41\u5385 ',
 'price': '340',
 'time': u' 1\u5929\u4ee5\u524d\u53d1\u5e03',
 'title': u'\u6c38\u6cf0\u4e1c\u91cc 1\u5ba41\u5385 340\u4e07',
 'watch_num': u' \u51710\u6b21\u5e26\u770b '}, {'Latitude': '-1,-1',
 'area': u' 61.2\u5e73\u7c73 ',
 'average_price': u'\u5355\u4ef784968\u5143/\u5e73\u7c73',
 'community': u'\u5b66\u9662\u8def14\u53f7\u9662 ',
 'focus_num': u'3\u4eba\u5173\u6ce8 ',
 'house_id': '101101161463',
 'link': 'http://bj.lianjia.com/ershoufang/101101161463.html',
 'model': u' 2\u5ba41\u5385 ',
 'price': '520',
 'time': u' 1\u5929\u4ee5\u524d\u53d1\u5e03',
 'title': u'\u5b66\u9662\u8def14\u53f7\u9662 2\u5ba41\u5385 520\u4e07',
 'watch_num': u' \u51710\u6b21\u5e26\u770b '}, {'Latitude': '-1,-1',
 'area': u' 82.8\u5e73\u7c73 ',
 'average_price': u'\u5355\u4ef779711\u5143/\u5e73\u7c73',
 'community': u'\u516d\u5efa ',
 'focus_num': u'5\u4eba\u5173\u6ce8 ',
 'house_id': '101101161390',
 'link': 'http://bj.lianjia.com/ershoufang/101101161390.html',
 'model': u' 3\u5ba41\u5385 ',
 'price': '660',
 'time': u' 1\u5929\u4ee5\u524d\u53d1\u5e03',
 'title': u'\u516d\u5efa 3\u5ba41\u5385 660\u4e07',
 'watch_num': u' \u51711\u6b21\u5e26\u770b '}, {'Latitude': '-1,-1',
 'area': u' 81.1\u5e73\u7c73 ',
 'average_price': u'\u5355\u4ef7125771\u5143/\u5e73\u7c73',
 'community': u'\u4e07\u5bff\u8def\u753215\u53f7\u9662\u4e94\u533a ',
 'focus_num': u'1\u4eba\u5173\u6ce8 ',
 'house_id': '101101161389',
 'link': 'http://bj.lianjia.com/ershoufang/101101161389.html',
 'model': u' 2\u5ba41\u5385 ',
 'price': '1020',
 'time': u' 1\u5929\u4ee5\u524d\u53d1\u5e03',
 'title': u'\u4e07\u5bff\u8def\u753215\u53f7\u9662\u4e94\u533a 2\u5ba41\u5385 1020\u4e07',
 'watch_num': u' \u51710\u6b21\u5e26\u770b '}, {'Latitude': '-1,-1',
 'area': u' 74.91\u5e73\u7c73 ',
 'average_price': u'\u5355\u4ef783434\u5143/\u5e73\u7c73',
 'community': u'\u83b1\u5733\u5bb6\u56ed ',
 'focus_num': u'32\u4eba\u5173\u6ce8 ',
 'house_id': '101101161165',
 'link': 'http://bj.lianjia.com/ershoufang/101101161165.html',
 'model': u' 2\u5ba41\u5385 ',
 'price': '625',
 'time': u' 1\u5929\u4ee5\u524d\u53d1\u5e03',
 'title': u'\u83b1\u5733\u5bb6\u56ed 2\u5ba41\u5385 625\u4e07',
 'watch_num': u' \u51711\u6b21\u5e26\u770b '}, {'Latitude': '-1,-1',
 'area': u' 69.7\u5e73\u7c73 ',
 'average_price': u'\u5355\u4ef794692\u5143/\u5e73\u7c73',
 'community': u'\u80b2\u65b0\u82b1\u56ed ',
 'focus_num': u'3\u4eba\u5173\u6ce8 ',
 'house_id': '101101161009',
 'link': 'http://bj.lianjia.com/ershoufang/101101161009.html',
 'model': u' 2\u5ba41\u5385 ',
 'price': '660',
 'time': u' 1\u5929\u4ee5\u524d\u53d1\u5e03',
 'title': u'\u80b2\u65b0\u82b1\u56ed 2\u5ba41\u5385 660\u4e07',
 'watch_num': u' \u51710\u6b21\u5e26\u770b '}, {'Latitude': '-1,-1',
 'area': u' 70.66\u5e73\u7c73 ',
 'average_price': u'\u5355\u4ef740759\u5143/\u5e73\u7c73',
 'community': u'\u6b63\u6e90\u5c1a\u5cf0\u5c1a\u6c34 ',
 'focus_num': u'1\u4eba\u5173\u6ce8 ',
 'house_id': '101101160743',
 'link': 'http://bj.lianjia.com/ershoufang/101101160743.html',
 'model': u' 1\u5ba41\u5385 ',
 'price': '288',
 'time': u' 1\u5929\u4ee5\u524d\u53d1\u5e03',
 'title': u'\u6b63\u6e90\u5c1a\u5cf0\u5c1a\u6c34 1\u5ba41\u5385 288\u4e07',
 'watch_num': u' \u51711\u6b21\u5e26\u770b '}, {'Latitude': '-1,-1',
 'area': u' 46.03\u5e73\u7c73 ',
 'average_price': u'\u5355\u4ef792332\u5143/\u5e73\u7c73',
 'community': u'\u5f53\u4ee3\u57ce\u5e02\u5bb6\u56ed ',
 'focus_num': u'4\u4eba\u5173\u6ce8 ',
 'house_id': '101101160568',
 'link': 'http://bj.lianjia.com/ershoufang/101101160568.html',
 'model': u' 1\u5ba40\u5385 ',
 'price': '425',
 'time': u' 1\u5929\u4ee5\u524d\u53d1\u5e03',
 'title': u'\u5f53\u4ee3\u57ce\u5e02\u5bb6\u56ed 1\u5ba40\u5385 425\u4e07',
 'watch_num': u' \u51710\u6b21\u5e26\u770b '}, {'Latitude': '-1,-1',
 'area': u' 52.5\u5e73\u7c73 ',
 'average_price': u'\u5355\u4ef7101905\u5143/\u5e73\u7c73',
 'community': u'\u52b3\u52a8\u5173\u7cfb\u5b66\u9662 ',
 'focus_num': u'8\u4eba\u5173\u6ce8 ',
 'house_id': '101101159938',
 'link': 'http://bj.lianjia.com/ershoufang/101101159938.html',
 'model': u' 2\u5ba41\u5385 ',
 'price': '535',
 'time': u' 1\u5929\u4ee5\u524d\u53d1\u5e03',
 'title': u'\u52b3\u52a8\u5173\u7cfb\u5b66\u9662 2\u5ba41\u5385 535\u4e07',
 'watch_num': u' \u51716\u6b21\u5e26\u770b '}, {'Latitude': '-1,-1',
 'area': u' 96.85\u5e73\u7c73 ',
 'average_price': u'\u5355\u4ef782602\u5143/\u5e73\u7c73',
 'community': u'\u767e\u65fa\u65b0\u57ce ',
 'focus_num': u'18\u4eba\u5173\u6ce8 ',
 'house_id': '101101159862',
 'link': 'http://bj.lianjia.com/ershoufang/101101159862.html',
 'model': u' 3\u5ba41\u5385 ',
 'price': '800',
 'time': u' 1\u5929\u4ee5\u524d\u53d1\u5e03',
 'title': u'\u767e\u65fa\u65b0\u57ce 3\u5ba41\u5385 800\u4e07',
 'watch_num': u' \u51712\u6b21\u5e26\u770b '}, {'Latitude': '-1,-1',
 'area': u' 80.34\u5e73\u7c73 ',
 'average_price': u'\u5355\u4ef799577\u5143/\u5e73\u7c73',
 'community': u'\u4e0a\u5730\u4e1c\u91cc ',
 'focus_num': u'8\u4eba\u5173\u6ce8 ',
 'house_id': '101101159854',
 'link': 'http://bj.lianjia.com/ershoufang/101101159854.html',
 'model': u' 2\u5ba41\u5385 ',
 'price': '800',
 'time': u' 1\u5929\u4ee5\u524d\u53d1\u5e03',
 'title': u'\u4e0a\u5730\u4e1c\u91cc 2\u5ba41\u5385 800\u4e07',
 'watch_num': u' \u51719\u6b21\u5e26\u770b '}, {'Latitude': '-1,-1',
 'area': u' 150.28\u5e73\u7c73 ',
 'average_price': u'\u5355\u4ef779851\u5143/\u5e73\u7c73',
 'community': u'\u4e2d\u6d77\u96c5\u56ed ',
 'focus_num': u'16\u4eba\u5173\u6ce8 ',
 'house_id': '101101159839',
 'link': 'http://bj.lianjia.com/ershoufang/101101159839.html',
 'model': u' 3\u5ba42\u5385 ',
 'price': '1200',
 'time': u' 1\u5929\u4ee5\u524d\u53d1\u5e03',
 'title': u'\u4e2d\u6d77\u96c5\u56ed 3\u5ba42\u5385 1200\u4e07',
 'watch_num': u' \u51713\u6b21\u5e26\u770b '}, {'Latitude': '-1,-1',
 'area': u' 5\u5ba42\u5385 ',
 'average_price': u'\u5355\u4ef745133\u5143/\u5e73\u7c73',
 'community': u'\u4e2d\u6d77\u5b89\u5fb7\u9c81\u65af\u5e84\u56ed ',
 'focus_num': u'0\u4eba\u5173\u6ce8 ',
 'house_id': '101101167363',
 'link': 'http://bj.lianjia.com/ershoufang/101101167363.html',
 'model': u' \u53e0\u62fc\u522b\u5885 ',
 'price': '1550',
 'time': u' \u521a\u521a\u53d1\u5e03',
 'title': u'\u4e2d\u6d77\u5b89\u5fb7\u9c81\u65af\u5e84\u56ed 5\u5ba42\u5385 1550\u4e07',
 'watch_num': u' \u51710\u6b21\u5e26\u770b '}, {'Latitude': '-1,-1',
 'area': u' 61.56\u5e73\u7c73 ',
 'average_price': u'\u5355\u4ef774075\u5143/\u5e73\u7c73',
 'community': u'\u70ab\u7279\u5609\u56ed\u4e00\u671f ',
 'focus_num': u'0\u4eba\u5173\u6ce8 ',
 'house_id': '101101167291',
 'link': 'http://bj.lianjia.com/ershoufang/101101167291.html',
 'model': u' 2\u5ba41\u5385 ',
 'price': '456',
 'time': u' \u521a\u521a\u53d1\u5e03',
 'title': u'\u70ab\u7279\u5609\u56ed\u4e00\u671f 2\u5ba41\u5385 456\u4e07',
 'watch_num': u' \u51710\u6b21\u5e26\u770b '}, {'Latitude': '-1,-1',
 'area': u' 66.83\u5e73\u7c73 ',
 'average_price': u'\u5355\u4ef763595\u5143/\u5e73\u7c73',
 'community': u'\u67cf\u6797\u7231\u4e50\u4e09\u671f ',
 'focus_num': u'3\u4eba\u5173\u6ce8 ',
 'house_id': '101101167282',
 'link': 'http://bj.lianjia.com/ershoufang/101101167282.html',
 'model': u' 1\u5ba41\u5385 ',
 'price': '425',
 'time': u' \u521a\u521a\u53d1\u5e03',
 'title': u'\u67cf\u6797\u7231\u4e50\u4e09\u671f 1\u5ba41\u5385 425\u4e07',
 'watch_num': u' \u51710\u6b21\u5e26\u770b '}, {'Latitude': '-1,-1',
 'area': u' 206.08\u5e73\u7c73 ',
 'average_price': u'\u5355\u4ef753378\u5143/\u5e73\u7c73',
 'community': u'\u4eac\u57ce\u96c5\u5c45 ',
 'focus_num': u'0\u4eba\u5173\u6ce8 ',
 'house_id': '101101166962',
 'link': 'http://bj.lianjia.com/ershoufang/101101166962.html',
 'model': u' 5\u5ba42\u5385 ',
 'price': '1100',
 'time': u' \u521a\u521a\u53d1\u5e03',
 'title': u'\u4eac\u57ce\u96c5\u5c45 5\u5ba42\u5385 1100\u4e07',
 'watch_num': u' \u51710\u6b21\u5e26\u770b '}, {'Latitude': '-1,-1',
 'area': u' 75.6\u5e73\u7c73 ',
 'average_price': u'\u5355\u4ef755556\u5143/\u5e73\u7c73',
 'community': u'\u5eb7\u5bb6\u56ed ',
 'focus_num': u'5\u4eba\u5173\u6ce8 ',
 'house_id': '101101166333',
 'link': 'http://bj.lianjia.com/ershoufang/101101166333.html',
 'model': u' 2\u5ba41\u5385 ',
 'price': '420',
 'time': u' \u521a\u521a\u53d1\u5e03',
 'title': u'\u5eb7\u5bb6\u56ed 2\u5ba41\u5385 420\u4e07',
 'watch_num': u' \u51710\u6b21\u5e26\u770b '}, {'Latitude': '-1,-1',
 'area': u' 73.37\u5e73\u7c73 ',
 'average_price': u'\u5355\u4ef761061\u5143/\u5e73\u7c73',
 'community': u'\u519c\u5149\u91cc ',
 'focus_num': u'7\u4eba\u5173\u6ce8 ',
 'house_id': '101101166293',
 'link': 'http://bj.lianjia.com/ershoufang/101101166293.html',
 'model': u' 2\u5ba41\u5385 ',
 'price': '448',
 'time': u' \u521a\u521a\u53d1\u5e03',
 'title': u'\u519c\u5149\u91cc 2\u5ba41\u5385 448\u4e07',
 'watch_num': u' \u51710\u6b21\u5e26\u770b '}, {'Latitude': '-1,-1',
 'area': u' 68.3\u5e73\u7c73 ',
 'average_price': u'\u5355\u4ef751245\u5143/\u5e73\u7c73',
 'community': u'\u5b9a\u798f\u5e84\u897f\u8857 ',
 'focus_num': u'1\u4eba\u5173\u6ce8 ',
 'house_id': '101101166260',
 'link': 'http://bj.lianjia.com/ershoufang/101101166260.html',
 'model': u' 3\u5ba41\u5385 ',
 'price': '350',
 'time': u' \u521a\u521a\u53d1\u5e03',
 'title': u'\u5b9a\u798f\u5e84\u897f\u8857 3\u5ba41\u5385 350\u4e07',
 'watch_num': u' \u51712\u6b21\u5e26\u770b '}, {'Latitude': '-1,-1',
 'area': u' 64.21\u5e73\u7c73 ',
 'average_price': u'\u5355\u4ef768526\u5143/\u5e73\u7c73',
 'community': u'\u519c\u5149\u91cc ',
 'focus_num': u'0\u4eba\u5173\u6ce8 ',
 'house_id': '101101166195',
 'link': 'http://bj.lianjia.com/ershoufang/101101166195.html',
 'model': u' 2\u5ba41\u5385 ',
 'price': '440',
 'time': u' \u521a\u521a\u53d1\u5e03',
 'title': u'\u519c\u5149\u91cc 2\u5ba41\u5385 440\u4e07',
 'watch_num': u' \u51710\u6b21\u5e26\u770b '}, {'Latitude': '-1,-1',
 'area': u' 69.5\u5e73\u7c73 ',
 'average_price': u'\u5355\u4ef782015\u5143/\u5e73\u7c73',
 'community': u'\u5b89\u8d1e\u91cc ',
 'focus_num': u'6\u4eba\u5173\u6ce8 ',
 'house_id': '101101165952',
 'link': 'http://bj.lianjia.com/ershoufang/101101165952.html',
 'model': u' 2\u5ba41\u5385 ',
 'price': '570',
 'time': u' \u521a\u521a\u53d1\u5e03',
 'title': u'\u5b89\u8d1e\u91cc 2\u5ba41\u5385 570\u4e07',
 'watch_num': u' \u51710\u6b21\u5e26\u770b '}, {'Latitude': '-1,-1',
 'area': u' 45.3\u5e73\u7c73 ',
 'average_price': u'\u5355\u4ef7100442\u5143/\u5e73\u7c73',
 'community': u'\u828d\u836f\u5c45\u5317\u91cc ',
 'focus_num': u'1\u4eba\u5173\u6ce8 ',
 'house_id': '101101165782',
 'link': 'http://bj.lianjia.com/ershoufang/101101165782.html',
 'model': u' 1\u5ba41\u5385 ',
 'price': '455',
 'time': u' \u521a\u521a\u53d1\u5e03',
 'title': u'\u828d\u836f\u5c45\u5317\u91cc 1\u5ba41\u5385 455\u4e07',
 'watch_num': u' \u51710\u6b21\u5e26\u770b '}, {'Latitude': '-1,-1',
 'area': u' 70.68\u5e73\u7c73 ',
 'average_price': u'\u5355\u4ef796916\u5143/\u5e73\u7c73',
 'community': u'\u5b89\u8d1e\u897f\u91cc ',
 'focus_num': u'1\u4eba\u5173\u6ce8 ',
 'house_id': '101101165621',
 'link': 'http://bj.lianjia.com/ershoufang/101101165621.html',
 'model': u' 3\u5ba41\u5385 ',
 'price': '685',
 'time': u' \u521a\u521a\u53d1\u5e03',
 'title': u'\u5b89\u8d1e\u897f\u91cc 3\u5ba41\u5385 685\u4e07',
 'watch_num': u' \u51710\u6b21\u5e26\u770b '}, {'Latitude': '-1,-1',
 'area': u' 68.06\u5e73\u7c73 ',
 'average_price': u'\u5355\u4ef7124743\u5143/\u5e73\u7c73',
 'community': u'\u6da6\u6cfd\u60a6\u6eaa ',
 'focus_num': u'4\u4eba\u5173\u6ce8 ',
 'house_id': '101101165603',
 'link': 'http://bj.lianjia.com/ershoufang/101101165603.html',
 'model': u' 2\u5ba42\u5385 ',
 'price': '849',
 'time': u' \u521a\u521a\u53d1\u5e03',
 'title': u'\u6da6\u6cfd\u60a6\u6eaa 2\u5ba42\u5385 849\u4e07',
 'watch_num': u' \u51710\u6b21\u5e26\u770b '}, {'Latitude': '-1,-1',
 'area': u' 87.59\u5e73\u7c73 ',
 'average_price': u'\u5355\u4ef789052\u5143/\u5e73\u7c73',
 'community': u'\u828d\u836f\u5c45\u5317\u91cc ',
 'focus_num': u'14\u4eba\u5173\u6ce8 ',
 'house_id': '101101165496',
 'link': 'http://bj.lianjia.com/ershoufang/101101165496.html',
 'model': u' 2\u5ba41\u5385 ',
 'price': '780',
 'time': u' \u521a\u521a\u53d1\u5e03',
 'title': u'\u828d\u836f\u5c45\u5317\u91cc 2\u5ba41\u5385 780\u4e07',
 'watch_num': u' \u51710\u6b21\u5e26\u770b '}, {'Latitude': '-1,-1',
 'area': u' 89.77\u5e73\u7c73 ',
 'average_price': u'\u5355\u4ef783547\u5143/\u5e73\u7c73',
 'community': u'\u70ab\u5f69\u5609\u8f69 ',
 'focus_num': u'0\u4eba\u5173\u6ce8 ',
 'house_id': '101101165352',
 'link': 'http://bj.lianjia.com/ershoufang/101101165352.html',
 'model': u' 2\u5ba41\u5385 ',
 'price': '750',
 'time': u' \u521a\u521a\u53d1\u5e03',
 'title': u'\u70ab\u5f69\u5609\u8f69 2\u5ba41\u5385 750\u4e07',
 'watch_num': u' \u51710\u6b21\u5e26\u770b '}, {'Latitude': '-1,-1',
 'area': u' 126.72\u5e73\u7c73 ',
 'average_price': u'\u5355\u4ef758397\u5143/\u5e73\u7c73',
 'community': u'\u5317\u82d1\u5bb6\u56ed\u8309\u85dc\u56ed ',
 'focus_num': u'5\u4eba\u5173\u6ce8 ',
 'house_id': '101101165214',
 'link': 'http://bj.lianjia.com/ershoufang/101101165214.html',
 'model': u' 3\u5ba42\u5385 ',
 'price': '740',
 'time': u' \u521a\u521a\u53d1\u5e03',
 'title': u'\u5317\u82d1\u5bb6\u56ed\u8309\u85dc\u56ed 3\u5ba42\u5385 740\u4e07',
 'watch_num': u' \u51710\u6b21\u5e26\u770b '}, {'Latitude': '-1,-1',
 'area': u' 71.69\u5e73\u7c73 ',
 'average_price': u'\u5355\u4ef759284\u5143/\u5e73\u7c73',
 'community': u'\u67cf\u6797\u7231\u4e50\u4e8c\u671f ',
 'focus_num': u'2\u4eba\u5173\u6ce8 ',
 'house_id': '101101164798',
 'link': 'http://bj.lianjia.com/ershoufang/101101164798.html',
 'model': u' 1\u5ba41\u5385 ',
 'price': '425',
 'time': u' \u521a\u521a\u53d1\u5e03',
 'title': u'\u67cf\u6797\u7231\u4e50\u4e8c\u671f 1\u5ba41\u5385 425\u4e07',
 'watch_num': u' \u51710\u6b21\u5e26\u770b '}, {'Latitude': '-1,-1',
 'area': u' 44.86\u5e73\u7c73 ',
 'average_price': u'\u5355\u4ef789167\u5143/\u5e73\u7c73',
 'community': u'\u5de5\u4f53\u4e1c\u8def ',
 'focus_num': u'1\u4eba\u5173\u6ce8 ',
 'house_id': '101101164749',
 'link': 'http://bj.lianjia.com/ershoufang/101101164749.html',
 'model': u' 2\u5ba41\u5385 ',
 'price': '400',
 'time': u' \u521a\u521a\u53d1\u5e03',
 'title': u'\u5de5\u4f53\u4e1c\u8def 2\u5ba41\u5385 400\u4e07',
 'watch_num': u' \u51710\u6b21\u5e26\u770b '}, {'Latitude': '-1,-1',
 'area': u' 74.51\u5e73\u7c73 ',
 'average_price': u'\u5355\u4ef779990\u5143/\u5e73\u7c73',
 'community': u'\u65ed\u98ce\u82d1 ',
 'focus_num': u'0\u4eba\u5173\u6ce8 ',
 'house_id': '101101164557',
 'link': 'http://bj.lianjia.com/ershoufang/101101164557.html',
 'model': u' 2\u5ba41\u5385 ',
 'price': '596',
 'time': u' \u521a\u521a\u53d1\u5e03',
 'title': u'\u65ed\u98ce\u82d1 2\u5ba41\u5385 596\u4e07',
 'watch_num': u' \u51710\u6b21\u5e26\u770b '}, {'Latitude': '-1,-1',
 'area': u' 68.8\u5e73\u7c73 ',
 'average_price': u'\u5355\u4ef771221\u5143/\u5e73\u7c73',
 'community': u'\u6f58\u5bb6\u56ed\u5c0f\u533a ',
 'focus_num': u'0\u4eba\u5173\u6ce8 ',
 'house_id': '101101164505',
 'link': 'http://bj.lianjia.com/ershoufang/101101164505.html',
 'model': u' 2\u5ba41\u5385 ',
 'price': '490',
 'time': u' \u521a\u521a\u53d1\u5e03',
 'title': u'\u6f58\u5bb6\u56ed\u5c0f\u533a 2\u5ba41\u5385 490\u4e07',
 'watch_num': u' \u51710\u6b21\u5e26\u770b '}, {'Latitude': '-1,-1',
 'area': u' 65.57\u5e73\u7c73 ',
 'average_price': u'\u5355\u4ef767104\u5143/\u5e73\u7c73',
 'community': u'\u4e16\u7eaa\u4e1c\u65b9\u57ce ',
 'focus_num': u'4\u4eba\u5173\u6ce8 ',
 'house_id': '101101164469',
 'link': 'http://bj.lianjia.com/ershoufang/101101164469.html',
 'model': u' 1\u5ba41\u5385 ',
 'price': '440',
 'time': u' \u521a\u521a\u53d1\u5e03',
 'title': u'\u4e16\u7eaa\u4e1c\u65b9\u57ce 1\u5ba41\u5385 440\u4e07',
 'watch_num': u' \u51710\u6b21\u5e26\u770b '}, {'Latitude': '-1,-1',
 'area': u' 76.98\u5e73\u7c73 ',
 'average_price': u'\u5355\u4ef753261\u5143/\u5e73\u7c73',
 'community': u'\u57a1\u5934\u5317\u91cc ',
 'focus_num': u'0\u4eba\u5173\u6ce8 ',
 'house_id': '101101164400',
 'link': 'http://bj.lianjia.com/ershoufang/101101164400.html',
 'model': u' 3\u5ba41\u5385 ',
 'price': '410',
 'time': u' \u521a\u521a\u53d1\u5e03',
 'title': u'\u57a1\u5934\u5317\u91cc 3\u5ba41\u5385 410\u4e07',
 'watch_num': u' \u51710\u6b21\u5e26\u770b '}, {'Latitude': '-1,-1',
 'area': u' 127.6\u5e73\u7c73 ',
 'average_price': u'\u5355\u4ef776803\u5143/\u5e73\u7c73',
 'community': u'\u65b0\u7eaa\u5bb6\u56ed ',
 'focus_num': u'6\u4eba\u5173\u6ce8 ',
 'house_id': '101101164376',
 'link': 'http://bj.lianjia.com/ershoufang/101101164376.html',
 'model': u' 3\u5ba42\u5385 ',
 'price': '980',
 'time': u' \u521a\u521a\u53d1\u5e03',
 'title': u'\u65b0\u7eaa\u5bb6\u56ed 3\u5ba42\u5385 980\u4e07',
 'watch_num': u' \u51712\u6b21\u5e26\u770b '}, {'Latitude': '-1,-1',
 'area': u' 123.05\u5e73\u7c73 ',
 'average_price': u'\u5355\u4ef745510\u5143/\u5e73\u7c73',
 'community': u'\u671d\u9633\u65b0\u57ce\u4e8c\u533a ',
 'focus_num': u'5\u4eba\u5173\u6ce8 ',
 'house_id': '101101164373',
 'link': 'http://bj.lianjia.com/ershoufang/101101164373.html',
 'model': u' 3\u5ba41\u5385 ',
 'price': '560',
 'time': u' \u521a\u521a\u53d1\u5e03',
 'title': u'\u671d\u9633\u65b0\u57ce\u4e8c\u533a 3\u5ba41\u5385 560\u4e07',
 'watch_num': u' \u51713\u6b21\u5e26\u770b '}, {'Latitude': '-1,-1',
 'area': u' 50.45\u5e73\u7c73 ',
 'average_price': u'\u5355\u4ef745590\u5143/\u5e73\u7c73',
 'community': u'\u91d1\u9685\u4e3d\u666f\u56ed ',
 'focus_num': u'8\u4eba\u5173\u6ce8 ',
 'house_id': '101101164317',
 'link': 'http://bj.lianjia.com/ershoufang/101101164317.html',
 'model': u' 1\u5ba41\u5385 ',
 'price': '230',
 'time': u' \u521a\u521a\u53d1\u5e03',
 'title': u'\u91d1\u9685\u4e3d\u666f\u56ed 1\u5ba41\u5385 230\u4e07',
 'watch_num': u' \u51710\u6b21\u5e26\u770b '}, {'Latitude': '-1,-1',
 'area': u' 63.59\u5e73\u7c73 ',
 'average_price': u'\u5355\u4ef780516\u5143/\u5e73\u7c73',
 'community': u'\u5c0f\u5173\u5317\u91cc ',
 'focus_num': u'0\u4eba\u5173\u6ce8 ',
 'house_id': '101101164315',
 'link': 'http://bj.lianjia.com/ershoufang/101101164315.html',
 'model': u' 2\u5ba41\u5385 ',
 'price': '512',
 'time': u' \u521a\u521a\u53d1\u5e03',
 'title': u'\u5c0f\u5173\u5317\u91cc 2\u5ba41\u5385 512\u4e07',
 'watch_num': u' \u51710\u6b21\u5e26\u770b '}, {'Latitude': '-1,-1',
 'area': u' 80.58\u5e73\u7c73 ',
 'average_price': u'\u5355\u4ef762051\u5143/\u5e73\u7c73',
 'community': u'\u6167\u5fe0\u5317\u91cc\u7b2c\u4e09\u793e\u533a ',
 'focus_num': u'20\u4eba\u5173\u6ce8 ',
 'house_id': '101101163844',
 'link': 'http://bj.lianjia.com/ershoufang/101101163844.html',
 'model': u' 2\u5ba41\u5385 ',
 'price': '500',
 'time': u' \u521a\u521a\u53d1\u5e03',
 'title': u'\u6167\u5fe0\u5317\u91cc\u7b2c\u4e09\u793e\u533a 2\u5ba41\u5385 500\u4e07',
 'watch_num': u' \u51710\u6b21\u5e26\u770b '}, {'Latitude': '-1,-1',
 'area': u' 124.18\u5e73\u7c73 ',
 'average_price': u'\u5355\u4ef795024\u5143/\u5e73\u7c73',
 'community': u'\u9996\u5f00\u77e5\u8bed\u57ce ',
 'focus_num': u'9\u4eba\u5173\u6ce8 ',
 'house_id': '101101163756',
 'link': 'http://bj.lianjia.com/ershoufang/101101163756.html',
 'model': u' 3\u5ba42\u5385 ',
 'price': '1180',
 'time': u' \u521a\u521a\u53d1\u5e03',
 'title': u'\u9996\u5f00\u77e5\u8bed\u57ce 3\u5ba42\u5385 1180\u4e07',
 'watch_num': u' \u51711\u6b21\u5e26\u770b '}, {'Latitude': '-1,-1',
 'area': u' 54.75\u5e73\u7c73 ',
 'average_price': u'\u5355\u4ef765754\u5143/\u5e73\u7c73',
 'community': u'\u5eb7\u5bb6\u56ed ',
 'focus_num': u'4\u4eba\u5173\u6ce8 ',
 'house_id': '101101163372',
 'link': 'http://bj.lianjia.com/ershoufang/101101163372.html',
 'model': u' 1\u5ba41\u5385 ',
 'price': '360',
 'time': u' \u521a\u521a\u53d1\u5e03',
 'title': u'\u5eb7\u5bb6\u56ed 1\u5ba41\u5385 360\u4e07',
 'watch_num': u' \u51713\u6b21\u5e26\u770b '}, {'Latitude': '-1,-1',
 'area': u' 57.19\u5e73\u7c73 ',
 'average_price': u'\u5355\u4ef787079\u5143/\u5e73\u7c73',
 'community': u'\u5b89\u534e\u897f\u91cc\u4e8c\u533a ',
 'focus_num': u'8\u4eba\u5173\u6ce8 ',
 'house_id': '101101163028',
 'link': 'http://bj.lianjia.com/ershoufang/101101163028.html',
 'model': u' 2\u5ba41\u5385 ',
 'price': '498',
 'time': u' \u521a\u521a\u53d1\u5e03',
 'title': u'\u5b89\u534e\u897f\u91cc\u4e8c\u533a 2\u5ba41\u5385 498\u4e07',
 'watch_num': u' \u51710\u6b21\u5e26\u770b '}, {'Latitude': '-1,-1',
 'area': u' 56.7\u5e73\u7c73 ',
 'average_price': u'\u5355\u4ef782893\u5143/\u5e73\u7c73',
 'community': u'\u4e09\u4e30\u91cc\u5c0f\u533a ',
 'focus_num': u'7\u4eba\u5173\u6ce8 ',
 'house_id': '101101163013',
 'link': 'http://bj.lianjia.com/ershoufang/101101163013.html',
 'model': u' 2\u5ba41\u5385 ',
 'price': '470',
 'time': u' \u521a\u521a\u53d1\u5e03',
 'title': u'\u4e09\u4e30\u91cc\u5c0f\u533a 2\u5ba41\u5385 470\u4e07',
 'watch_num': u' \u51712\u6b21\u5e26\u770b '}]