[{'Latitude': '-1,-1',
 'area': u' 87.89\u5e73\u7c73 ',
 'average_price': u'\u5355\u4ef7122881\u5143/\u5e73\u7c73',
 'community': u'\u5bcc\u8d35\u56ed\u4e00\u533a ',
 'focus_num': u'7\u4eba\u5173\u6ce8 ',
 'house_id': '101101161719',
 'link': 'http://bj.lianjia.com/ershoufang/101101161719.html',
 'model': u' 2\u5ba42\u5385 ',
 'price': '1080',
 'time': u' \u521a\u521a\u53d1\u5e03',
 'title': u'\u5bcc\u8d35\u56ed\u4e00\u533a 2\u5ba42\u5385 1080\u4e07',
 'watch_num': u' \u51710\u6b21\u5e26\u770b '}, {'Latitude': '-1,-1',
 'area': u' 60.03\u5e73\u7c73 ',
 'average_price': u'\u5355\u4ef7118275\u5143/\u5e73\u7c73',
 'community': u'\u4e1c\u76f4\u95e8\u5185\u5927\u8857 ',
 'focus_num': u'0\u4eba\u5173\u6ce8 ',
 'house_id': '101101161558',
 'link': 'http://bj.lianjia.com/ershoufang/101101161558.html',
 'model': u' 1\u5ba41\u5385 ',
 'price': '710',
 'time': u' \u521a\u521a\u53d1\u5e03',
 'title': u'\u4e1c\u76f4\u95e8\u5185\u5927\u8857 1\u5ba41\u5385 710\u4e07',
 'watch_num': u' \u51710\u6b21\u5e26\u770b '}, {'Latitude': '-1,-1',
 'area': u' 84.31\u5e73\u7c73 ',
 'average_price': u'\u5355\u4ef7103191\u5143/\u5e73\u7c73',
 'community': u'\u6cd5\u534e\u5357\u91cc ',
 'focus_num': u'1\u4eba\u5173\u6ce8 ',
 'house_id': '101101161071',
 'link': 'http://bj.lianjia.com/ershoufang/101101161071.html',
 'model': u' 3\u5ba41\u5385 ',
 'price': '870',
 'time': u' \u521a\u521a\u53d1\u5e03',
 'title': u'\u6cd5\u534e\u5357\u91cc 3\u5ba41\u5385 870\u4e07',
 'watch_num': u' \u51712\u6b21\u5e26\u770b '}, {'Latitude': '-1,-1',
 'area': u' 67.61\u5e73\u7c73 ',
 'average_price': u'\u5355\u4ef779870\u5143/\u5e73\u7c73',
 'community': u'\u5de6\u5b89\u6d66\u56ed ',
 'focus_num': u'0\u4eba\u5173\u6ce8 ',
 'house_id': '101101160550',
 'link': 'http://bj.lianjia.com/ershoufang/101101160550.html',
 'model': u' 1\u5ba41\u5385 ',
 'price': '540',
 'time': u' \u521a\u521a\u53d1\u5e03',
 'title': u'\u5de6\u5b89\u6d66\u56ed 1\u5ba41\u5385 540\u4e07',
 'watch_num': u' \u51710\u6b21\u5e26\u770b '}, {'Latitude': '-1,-1',
 'area': u' 58.14\u5e73\u7c73 ',
 'average_price': u'\u5355\u4ef7120400\u5143/\u5e73\u7c73',
 'community': u'\u5bcc\u8d35\u56ed\u4e00\u533a ',
 'focus_num': u'2\u4eba\u5173\u6ce8 ',
 'house_id': '101101160461',
 'link': 'http://bj.lianjia.com/ershoufang/101101160461.html',
 'model': u' 1\u5ba41\u5385 ',
 'price': '700',
 'time': u' \u521a\u521a\u53d1\u5e03',
 'title': u'\u5bcc\u8d35\u56ed\u4e00\u533a 1\u5ba41\u5385 700\u4e07',
 'watch_num': u' \u51710\u6b21\u5e26\u770b '}, {'Latitude': '-1,-1',
 'area': u' 70.4\u5e73\u7c73 ',
 'average_price': u'\u5355\u4ef7106535\u5143/\u5e73\u7c73',
 'community': u'\u6f58\u5bb6\u5761\u80e1\u540c4\u53f7\u9662 ',
 'focus_num': u'1\u4eba\u5173\u6ce8 ',
 'house_id': '101101159827',
 'link': 'http://bj.lianjia.com/ershoufang/101101159827.html',
 'model': u' 3\u5ba41\u5385 ',
 'price': '750',
 'time': u' \u521a\u521a\u53d1\u5e03',
 'title': u'\u6f58\u5bb6\u5761\u80e1\u540c4\u53f7\u9662 3\u5ba41\u5385 750\u4e07',
 'watch_num': u' \u51710\u6b21\u5e26\u770b '}, {'Latitude': '-1,-1',
 'area': u' 57.86\u5e73\u7c73 ',
 'average_price': u'\u5355\u4ef7108884\u5143/\u5e73\u7c73',
 'community': u'\u7af9\u6746\u80e1\u540c ',
 'focus_num': u'8\u4eba\u5173\u6ce8 ',
 'house_id': '101101159415',
 'link': 'http://bj.lianjia.com/ershoufang/101101159415.html',
 'model': u' 1\u5ba41\u5385 ',
 'price': '630',
 'time': u' \u521a\u521a\u53d1\u5e03',
 'title': u'\u7af9\u6746\u80e1\u540c 1\u5ba41\u5385 630\u4e07',
 'watch_num': u' \u51710\u6b21\u5e26\u770b '}, {'Latitude': '-1,-1',
 'area': u' 42.59\u5e73\u7c73 ',
 'average_price': u'\u5355\u4ef7105659\u5143/\u5e73\u7c73',
 'community': u'\u5915\u7167\u5bfa\u897f\u91cc ',
 'focus_num': u'4\u4eba\u5173\u6ce8 ',
 'house_id': '101101159199',
 'link': 'http://bj.lianjia.com/ershoufang/101101159199.html',
 'model': u' 1\u5ba41\u5385 ',
 'price': '450',
 'time': u' \u521a\u521a\u53d1\u5e03',
 'title': u'\u5915\u7167\u5bfa\u897f\u91cc 1\u5ba41\u5385 450\u4e07',
 'watch_num': u' \u51710\u6b21\u5e26\u770b '}, {'Latitude': '-1,-1',
 'area': u' 59.18\u5e73\u7c73 ',
 'average_price': u'\u5355\u4ef7114904\u5143/\u5e73\u7c73',
 'community': u'\u65b0\u666f\u5bb6\u56ed\u4e1c\u533a ',
 'focus_num': u'4\u4eba\u5173\u6ce8 ',
 'house_id': '101101158110',
 'link': 'http://bj.lianjia.com/ershoufang/101101158110.html',
 'model': u' 1\u5ba41\u5385 ',
 'price': '680',
 'time': u' \u521a\u521a\u53d1\u5e03',
 'title': u'\u65b0\u666f\u5bb6\u56ed\u4e1c\u533a 1\u5ba41\u5385 680\u4e07',
 'watch_num': u' \u51710\u6b21\u5e26\u770b '}, {'Latitude': '-1,-1',
 'area': u' 61.15\u5e73\u7c73 ',
 'average_price': u'\u5355\u4ef7106296\u5143/\u5e73\u7c73',
 'community': u'\u56fd\u745e\u57ce\u4e2d\u533a ',
 'focus_num': u'1\u4eba\u5173\u6ce8 ',
 'house_id': '101101157628',
 'link': 'http://bj.lianjia.com/ershoufang/101101157628.html',
 'model': u' 1\u5ba41\u5385 ',
 'price': '650',
 'time': u' \u521a\u521a\u53d1\u5e03',
 'title': u'\u56fd\u745e\u57ce\u4e2d\u533a 1\u5ba41\u5385 650\u4e07',
 'watch_num': u' \u51712\u6b21\u5e26\u770b '}, {'Latitude': '-1,-1',
 'area': u' 64.21\u5e73\u7c73 ',
 'average_price': u'\u5355\u4ef788772\u5143/\u5e73\u7c73',
 'community': u'\u5e7f\u6e20\u95e8\u5185\u5927\u8857 ',
 'focus_num': u'7\u4eba\u5173\u6ce8 ',
 'house_id': '101101157185',
 'link': 'http://bj.lianjia.com/ershoufang/101101157185.html',
 'model': u' 3\u5ba40\u5385 ',
 'price': '570',
 'time': u' \u521a\u521a\u53d1\u5e03',
 'title': u'\u5e7f\u6e20\u95e8\u5185\u5927\u8857 3\u5ba40\u5385 570\u4e07',
 'watch_num': u' \u51710\u6b21\u5e26\u770b '}, {'Latitude': '-1,-1',
 'area': u' 51.95\u5e73\u7c73 ',
 'average_price': u'\u5355\u4ef769298\u5143/\u5e73\u7c73',
 'community': u'\u5bcc\u83b1\u8335\u82b1\u56ed ',
 'focus_num': u'5\u4eba\u5173\u6ce8 ',
 'house_id': '101101157145',
 'link': 'http://bj.lianjia.com/ershoufang/101101157145.html',
 'model': u' 2\u5ba41\u5385 ',
 'price': '360',
 'time': u' \u521a\u521a\u53d1\u5e03',
 'title': u'\u5bcc\u83b1\u8335\u82b1\u56ed 2\u5ba41\u5385 360\u4e07',
 'watch_num': u' \u51710\u6b21\u5e26\u770b '}, {'Latitude': '-1,-1',
 'area': u' 116\u5e73\u7c73 ',
 'average_price': u'\u5355\u4ef7100000\u5143/\u5e73\u7c73',
 'community': u'\u65b0\u666f\u5bb6\u56ed\u897f\u533a ',
 'focus_num': u'1\u4eba\u5173\u6ce8 ',
 'house_id': '101101156928',
 'link': 'http://bj.lianjia.com/ershoufang/101101156928.html',
 'model': u' 2\u5ba41\u5385 ',
 'price': '1160',
 'time': u' \u521a\u521a\u53d1\u5e03',
 'title': u'\u65b0\u666f\u5bb6\u56ed\u897f\u533a 2\u5ba41\u5385 1160\u4e07',
 'watch_num': u' \u51710\u6b21\u5e26\u770b '}, {'Latitude': '-1,-1',
 'area': u' 139.14\u5e73\u7c73 ',
 'average_price': u'\u5355\u4ef786101\u5143/\u5e73\u7c73',
 'community': u'\u4e1c\u82b1\u5e02\u5317\u91cc\u897f\u533a ',
 'focus_num': u'2\u4eba\u5173\u6ce8 ',
 'house_id': '101101156862',
 'link': 'http://bj.lianjia.com/ershoufang/101101156862.html',
 'model': u' 2\u5ba42\u5385 ',
 'price': '1198',
 'time': u' \u521a\u521a\u53d1\u5e03',
 'title': u'\u4e1c\u82b1\u5e02\u5317\u91cc\u897f\u533a 2\u5ba42\u5385 1198\u4e07',
 'watch_num': u' \u51711\u6b21\u5e26\u770b '}, {'Latitude': '-1,-1',
 'area': u' 71.15\u5e73\u7c73 ',
 'average_price': u'\u5355\u4ef781518\u5143/\u5e73\u7c73',
 'community': u'\u5e7f\u6e20\u5bb6\u56ed ',
 'focus_num': u'9\u4eba\u5173\u6ce8 ',
 'house_id': '101101156123',
 'link': 'http://bj.lianjia.com/ershoufang/101101156123.html',
 'model': u' 2\u5ba42\u5385 ',
 'price': '580',
 'time': u' \u521a\u521a\u53d1\u5e03',
 'title': u'\u5e7f\u6e20\u5bb6\u56ed 2\u5ba42\u5385 580\u4e07',
 'watch_num': u' \u51710\u6b21\u5e26\u770b '}, {'Latitude': '-1,-1',
 'area': u' 47.84\u5e73\u7c73 ',
 'average_price': u'\u5355\u4ef7114967\u5143/\u5e73\u7c73',
 'community': u'\u6c11\u65fa\u56ed ',
 'focus_num': u'5\u4eba\u5173\u6ce8 ',
 'house_id': '101101156110',
 'link': 'http://bj.lianjia.com/ershoufang/101101156110.html',
 'model': u' 2\u5ba41\u5385 ',
 'price': '550',
 'time': u' \u521a\u521a\u53d1\u5e03',
 'title': u'\u6c11\u65fa\u56ed 2\u5ba41\u5385 550\u4e07',
 'watch_num': u' \u517112\u6b21\u5e26\u770b '}, {'Latitude': '-1,-1',
 'area': u' 52.12\u5e73\u7c73 ',
 'average_price': u'\u5355\u4ef7111282\u5143/\u5e73\u7c73',
 'community': u'\u7eff\u666f\u99a8\u56ed ',
 'focus_num': u'8\u4eba\u5173\u6ce8 ',
 'house_id': '101101155486',
 'link': 'http://bj.lianjia.com/ershoufang/101101155486.html',
 'model': u' 2\u5ba41\u5385 ',
 'price': '580',
 'time': u' \u521a\u521a\u53d1\u5e03',
 'title': u'\u7eff\u666f\u99a8\u56ed 2\u5ba41\u5385 580\u4e07',
 'watch_num': u' \u51715\u6b21\u5e26\u770b '}, {'Latitude': '-1,-1',
 'area': u' 51.27\u5e73\u7c73 ',
 'average_price': u'\u5355\u4ef788746\u5143/\u5e73\u7c73',
 'community': u'\u5e7f\u6e20\u5bb6\u56ed ',
 'focus_num': u'15\u4eba\u5173\u6ce8 ',
 'house_id': '101101153104',
 'link': 'http://bj.lianjia.com/ershoufang/101101153104.html',
 'model': u' 1\u5ba41\u5385 ',
 'price': '455',
 'time': u' 1\u5929\u4ee5\u524d\u53d1\u5e03',
 'title': u'\u5e7f\u6e20\u5bb6\u56ed 1\u5ba41\u5385 455\u4e07',
 'watch_num': u' \u51710\u6b21\u5e26\u770b '}, {'Latitude': '-1,-1',
 'area': u' 92.93\u5e73\u7c73 ',
 'average_price': u'\u5355\u4ef760261\u5143/\u5e73\u7c73',
 'community': u'\u5317\u4eacINN ',
 'focus_num': u'4\u4eba\u5173\u6ce8 ',
 'house_id': '101101152822',
 'link': 'http://bj.lianjia.com/ershoufang/101101152822.html',
 'model': u' 2\u5ba41\u5385 ',
 'price': '560',
 'time': u' 1\u5929\u4ee5\u524d\u53d1\u5e03',
 'title': u'\u5317\u4eacINN 2\u5ba41\u5385 560\u4e07',
 'watch_num': u' \u517110\u6b21\u5e26\u770b '}, {'Latitude': '-1,-1',
 'area': u' 51.36\u5e73\u7c73 ',
 'average_price': u'\u5355\u4ef787617\u5143/\u5e73\u7c73',
 'community': u'\u91d1\u9c7c\u6c60\u897f\u533a ',
 'focus_num': u'3\u4eba\u5173\u6ce8 ',
 'house_id': '101101151200',
 'link': 'http://bj.lianjia.com/ershoufang/101101151200.html',
 'model': u' 1\u5ba41\u5385 ',
 'price': '450',
 'time': u' 1\u5929\u4ee5\u524d\u53d1\u5e03',
 'title': u'\u91d1\u9c7c\u6c60\u897f\u533a 1\u5ba41\u5385 450\u4e07',
 'watch_num': u' \u51710\u6b21\u5e26\u770b '}, {'Latitude': '-1,-1',
 'area': u' 50.55\u5e73\u7c73 ',
 'average_price': u'\u5355\u4ef7100891\u5143/\u5e73\u7c73',
 'community': u'\u524d\u95e8\u4e1c\u5927\u8857 ',
 'focus_num': u'9\u4eba\u5173\u6ce8 ',
 'house_id': '101101151160',
 'link': 'http://bj.lianjia.com/ershoufang/101101151160.html',
 'model': u' 2\u5ba41\u5385 ',
 'price': '510',
 'time': u' 1\u5929\u4ee5\u524d\u53d1\u5e03',
 'title': u'\u524d\u95e8\u4e1c\u5927\u8857\u5357\u5317\u4e24\u5c45\u5ba4 \u7535\u68af\u76f4\u8fbe',
 'watch_num': u' \u51711\u6b21\u5e26\u770b '}, {'Latitude': '-1,-1',
 'area': u' 96.52\u5e73\u7c73 ',
 'average_price': u'\u5355\u4ef7109822\u5143/\u5e73\u7c73',
 'community': u'\u5c0f\u9ec4\u5e84\u4e00\u533a ',
 'focus_num': u'17\u4eba\u5173\u6ce8 ',
 'house_id': '101101150968',
 'link': 'http://bj.lianjia.com/ershoufang/101101150968.html',
 'model': u' 2\u5ba41\u5385 ',
 'price': '1060',
 'time': u' 1\u5929\u4ee5\u524d\u53d1\u5e03',
 'title': u'\u6ee1\u4e94\u4e0d\u552f\u4e00\uff0c\u516d\u5c42\u677f\u697c\u5e26\u7535\u68af\uff0c\u4e00\u68af\u4e24\u6237\u3002',
 'watch_num': u' \u517146\u6b21\u5e26\u770b '}, {'Latitude': '-1,-1',
 'area': u' 80.87\u5e73\u7c73 ',
 'average_price': u'\u5355\u4ef7117473\u5143/\u5e73\u7c73',
 'community': u'\u4ed3\u5357\u80e1\u540c12\u53f7\u9662 ',
 'focus_num': u'11\u4eba\u5173\u6ce8 ',
 'house_id': '101101150882',
 'link': 'http://bj.lianjia.com/ershoufang/101101150882.html',
 'model': u' 3\u5ba41\u5385 ',
 'price': '950',
 'time': u' 1\u5929\u4ee5\u524d\u53d1\u5e03',
 'title': u'\u53f2\u5bb6\u603b\u6821 \u5357\u5317\u901a\u900f\u4e09\u5c45 \u5168\u660e\u683c\u5c40 ',
 'watch_num': u' \u51712\u6b21\u5e26\u770b '}, {'Latitude': '-1,-1',
 'area': u' 43.16\u5e73\u7c73 ',
 'average_price': u'\u5355\u4ef7118165\u5143/\u5e73\u7c73',
 'community': u'\u540e\u6c38\u5eb7\u80e1\u540c2\u53f7\u96624\u53f7\u9662 ',
 'focus_num': u'10\u4eba\u5173\u6ce8 ',
 'house_id': '101101149371',
 'link': 'http://bj.lianjia.com/ershoufang/101101149371.html',
 'model': u' 1\u5ba41\u5385 ',
 'price': '510',
 'time': u' 2\u5929\u4ee5\u524d\u53d1\u5e03',
 'title': u'\u540e\u6c38\u5eb7\u80e1\u540c2\u53f7\u96624\u53f7\u9662 1\u5ba41\u5385 510\u4e07',
 'watch_num': u' \u51713\u6b21\u5e26\u770b '}, {'Latitude': '-1,-1',
 'area': u' 41.23\u5e73\u7c73 ',
 'average_price': u'\u5355\u4ef7135824\u5143/\u5e73\u7c73',
 'community': u'\u5e3d\u513f\u80e1\u540c45\u53f7\u9662 ',
 'focus_num': u'36\u4eba\u5173\u6ce8 ',
 'house_id': '101101148988',
 'link': 'http://bj.lianjia.com/ershoufang/101101148988.html',
 'model': u' 2\u5ba41\u5385 ',
 'price': '560',
 'time': u' 2\u5929\u4ee5\u524d\u53d1\u5e03',
 'title': u'\u5e3d\u513f\u80e1\u540c45\u53f7\u9662 2\u5ba41\u5385 560\u4e07',
 'watch_num': u' \u51710\u6b21\u5e26\u770b '}, {'Latitude': '-1,-1',
 'area': u' 62.32\u5e73\u7c73 ',
 'average_price': u'\u5355\u4ef7109115\u5143/\u5e73\u7c73',
 'community': u'\u524d\u95e8\u4e1c\u5927\u8857 ',
 'focus_num': u'7\u4eba\u5173\u6ce8 ',
 'house_id': '101101148649',
 'link': 'http://bj.lianjia.com/ershoufang/101101148649.html',
 'model': u' 3\u5ba41\u5385 ',
 'price': '680',
 'time': u' 2\u5929\u4ee5\u524d\u53d1\u5e03',
 'title': u'\u524d\u95e8\u4e1c\u5927\u8857 \u5357\u5317\u901a\u900f\u4e09\u5c45\u5ba4 \u4e2d\u95f4\u697c\u5c42\u590d\u5f0f\u623f',
 'watch_num': u' \u51711\u6b21\u5e26\u770b '}, {'Latitude': '-1,-1',
 'area': u' 99.27\u5e73\u7c73 ',
 'average_price': u'\u5355\u4ef7113831\u5143/\u5e73\u7c73',
 'community': u'\u5df7\u4e0a\u5609\u56ed ',
 'focus_num': u'9\u4eba\u5173\u6ce8 ',
 'house_id': '101101148462',
 'link': 'http://bj.lianjia.com/ershoufang/101101148462.html',
 'model': u' 2\u5ba41\u5385 ',
 'price': '1130',
 'time': u' 2\u5929\u4ee5\u524d\u53d1\u5e03',
 'title': u'\u5317\u4e8c\u73af \u5546\u54c1\u623f\u7cbe\u88c5\u5927\u4e24\u5c45\u5ba4 \u4eba\u8f66\u5206\u6d41 \u4e1a\u4e3b\u8bda\u5fc3\u51fa\u552e',
 'watch_num': u' \u51713\u6b21\u5e26\u770b '}, {'Latitude': '-1,-1',
 'area': u' 69.76\u5e73\u7c73 ',
 'average_price': u'\u5355\u4ef7128298\u5143/\u5e73\u7c73',
 'community': u'\u4ea4\u9053\u53e3\u5317\u4e8c\u676135\u53f7\u9662 ',
 'focus_num': u'36\u4eba\u5173\u6ce8 ',
 'house_id': '101101147659',
 'link': 'http://bj.lianjia.com/ershoufang/101101147659.html',
 'model': u' 2\u5ba41\u5385 ',
 'price': '895',
 'time': u' 2\u5929\u4ee5\u524d\u53d1\u5e03',
 'title': u'\u65b9\u5bb6\u80e1\u540c \u5357\u5317\u671d\u5411\u901a\u900f\u4e09\u5c45\u5ba4  \u4e0d\u4e34\u8857 \u6ee1\u4e94\u5e74',
 'watch_num': u' \u517124\u6b21\u5e26\u770b '}, {'Latitude': '-1,-1',
 'area': u' 85.57\u5e73\u7c73 ',
 'average_price': u'\u5355\u4ef784142\u5143/\u5e73\u7c73',
 'community': u'\u5de6\u5b89\u6d66\u56ed ',
 'focus_num': u'4\u4eba\u5173\u6ce8 ',
 'house_id': '101101147550',
 'link': 'http://bj.lianjia.com/ershoufang/101101147550.html',
 'model': u' 2\u5ba41\u5385 ',
 'price': '720',
 'time': u' 2\u5929\u4ee5\u524d\u53d1\u5e03',
 'title': u'\u5de6\u5b89\u6d66\u56ed 2\u5ba41\u5385 720\u4e07',
 'watch_num': u' \u51710\u6b21\u5e26\u770b '}, {'Latitude': '-1,-1',
 'area': u' 77.91\u5e73\u7c73 ',
 'average_price': u'\u5355\u4ef7121936\u5143/\u5e73\u7c73',
 'community': u'\u6d77\u8fd0\u4ed3\u5c0f\u533a ',
 'focus_num': u'11\u4eba\u5173\u6ce8 ',
 'house_id': '101101147036',
 'link': 'http://bj.lianjia.com/ershoufang/101101147036.html',
 'model': u' 2\u5ba41\u5385 ',
 'price': '950',
 'time': u' 2\u5929\u4ee5\u524d\u53d1\u5e03',
 'title': u'\u6d77\u8fd0\u4ed3\u5c0f\u533a 2\u5ba41\u5385 950\u4e07',
 'watch_num': u' \u51716\u6b21\u5e26\u770b '}]